{"numTotalTestSuites":519,"numPassedTestSuites":519,"numFailedTestSuites":0,"numPendingTestSuites":0,"numTotalTests":1751,"numPassedTests":1751,"numFailedTests":0,"numPendingTests":0,"numTodoTests":0,"snapshot":{"added":0,"failure":false,"filesAdded":0,"filesRemoved":0,"filesRemovedList":[],"filesUnmatched":0,"filesUpdated":0,"matched":0,"total":0,"unchecked":0,"uncheckedKeysByFile":[],"unmatched":0,"updated":0,"didUpdate":false},"startTime":1780200966657,"success":true,"testResults":[{"assertionResults":[{"ancestorTitles":["API 客户端","Axios 实例配置"],"fullName":"API 客户端 Axios 实例配置 应该正确创建 axios 实例","status":"passed","title":"应该正确创建 axios 实例","duration":229.25860000000011,"failureMessages":[],"meta":{}},{"ancestorTitles":["API 客户端","Axios 实例配置"],"fullName":"API 客户端 Axios 实例配置 应该配置 baseURL 为 /api","status":"passed","title":"应该配置 baseURL 为 /api","duration":17.673299999999927,"failureMessages":[],"meta":{}},{"ancestorTitles":["API 客户端","Axios 实例配置"],"fullName":"API 客户端 Axios 实例配置 应该配置 timeout 为 30000","status":"passed","title":"应该配置 timeout 为 30000","duration":14.68179999999984,"failureMessages":[],"meta":{}},{"ancestorTitles":["API 客户端","Axios 实例配置"],"fullName":"API 客户端 Axios 实例配置 应该配置 Content-Type 为 application/json","status":"passed","title":"应该配置 Content-Type 为 application/json","duration":24.36130000000003,"failureMessages":[],"meta":{}},{"ancestorTitles":["API 客户端","请求拦截器"],"fullName":"API 客户端 请求拦截器 当存在 token 时应该在请求头中添加 Authorization","status":"passed","title":"当存在 token 时应该在请求头中添加 Authorization","duration":56.97829999999976,"failureMessages":[],"meta":{}},{"ancestorTitles":["API 客户端","请求拦截器"],"fullName":"API 客户端 请求拦截器 当不存在 token 时不应该添加 Authorization 头","status":"passed","title":"当不存在 token 时不应该添加 Authorization 头","duration":57.921100000000024,"failureMessages":[],"meta":{}},{"ancestorTitles":["API 客户端","请求拦截器"],"fullName":"API 客户端 请求拦截器 应该在请求错误时返回 rejected promise","status":"passed","title":"应该在请求错误时返回 rejected promise","duration":53.40639999999985,"failureMessages":[],"meta":{}},{"ancestorTitles":["API 客户端","响应拦截器"],"fullName":"API 客户端 响应拦截器 成功响应时应该返回 response.data","status":"passed","title":"成功响应时应该返回 response.data","duration":70.48779999999988,"failureMessages":[],"meta":{}},{"ancestorTitles":["API 客户端","响应拦截器"],"fullName":"API 客户端 响应拦截器 401 错误时应该移除 localStorage 中的 token","status":"passed","title":"401 错误时应该移除 localStorage 中的 token","duration":235.55679999999984,"failureMessages":[],"meta":{}},{"ancestorTitles":["API 客户端","响应拦截器"],"fullName":"API 客户端 响应拦截器 403 错误时应该输出权限不足日志","status":"passed","title":"403 错误时应该输出权限不足日志","duration":14.747799999999643,"failureMessages":[],"meta":{}},{"ancestorTitles":["API 客户端","响应拦截器"],"fullName":"API 客户端 响应拦截器 500 错误时应该输出服务器错误日志","status":"passed","title":"500 错误时应该输出服务器错误日志","duration":156.3702999999996,"failureMessages":[],"meta":{}},{"ancestorTitles":["API 客户端","响应拦截器"],"fullName":"API 客户端 响应拦截器 其他错误时应该输出错误消息","status":"passed","title":"其他错误时应该输出错误消息","duration":15.591100000000097,"failureMessages":[],"meta":{}},{"ancestorTitles":["API 客户端","响应拦截器"],"fullName":"API 客户端 响应拦截器 没有 response 对象时应该正确 rejected","status":"passed","title":"没有 response 对象时应该正确 rejected","duration":149.6030999999998,"failureMessages":[],"meta":{}},{"ancestorTitles":["API 客户端","Request 封装方法"],"fullName":"API 客户端 Request 封装方法 request.get 应该调用 instance.get","status":"passed","title":"request.get 应该调用 instance.get","duration":18.4679000000001,"failureMessages":[],"meta":{}},{"ancestorTitles":["API 客户端","Request 封装方法"],"fullName":"API 客户端 Request 封装方法 request.post 应该调用 instance.post","status":"passed","title":"request.post 应该调用 instance.post","duration":55.703500000000076,"failureMessages":[],"meta":{}},{"ancestorTitles":["API 客户端","Request 封装方法"],"fullName":"API 客户端 Request 封装方法 request.put 应该调用 instance.put","status":"passed","title":"request.put 应该调用 instance.put","duration":59.24130000000014,"failureMessages":[],"meta":{}},{"ancestorTitles":["API 客户端","Request 封装方法"],"fullName":"API 客户端 Request 封装方法 request.delete 应该调用 instance.delete","status":"passed","title":"request.delete 应该调用 instance.delete","duration":24.397500000000036,"failureMessages":[],"meta":{}},{"ancestorTitles":["API 客户端","viteDeploy API 模块"],"fullName":"API 客户端 viteDeploy API 模块 check 方法应该调用 GET /deploy/vite/check","status":"passed","title":"check 方法应该调用 GET /deploy/vite/check","duration":32.08899999999994,"failureMessages":[],"meta":{}},{"ancestorTitles":["API 客户端","viteDeploy API 模块"],"fullName":"API 客户端 viteDeploy API 模块 setup 方法应该调用 POST /deploy/vite/setup","status":"passed","title":"setup 方法应该调用 POST /deploy/vite/setup","duration":17.614399999999932,"failureMessages":[],"meta":{}},{"ancestorTitles":["API 客户端","viteDeploy API 模块"],"fullName":"API 客户端 viteDeploy API 模块 installDeps 方法应该调用 POST /deploy/vite/install-deps","status":"passed","title":"installDeps 方法应该调用 POST /deploy/vite/install-deps","duration":4.902700000000095,"failureMessages":[],"meta":{}},{"ancestorTitles":["API 客户端","viteDeploy API 模块"],"fullName":"API 客户端 viteDeploy API 模块 build 方法应该调用 POST /deploy/vite/build","status":"passed","title":"build 方法应该调用 POST /deploy/vite/build","duration":4.005200000000059,"failureMessages":[],"meta":{}},{"ancestorTitles":["API 客户端","viteDeploy API 模块"],"fullName":"API 客户端 viteDeploy API 模块 nginx 方法应该调用 POST /deploy/vite/nginx","status":"passed","title":"nginx 方法应该调用 POST /deploy/vite/nginx","duration":4.354499999999916,"failureMessages":[],"meta":{}},{"ancestorTitles":["API 客户端","viteDeploy API 模块"],"fullName":"API 客户端 viteDeploy API 模块 deploy 方法应该调用 POST /deploy/vite/deploy","status":"passed","title":"deploy 方法应该调用 POST /deploy/vite/deploy","duration":5.160399999999754,"failureMessages":[],"meta":{}},{"ancestorTitles":["API 客户端","viteDeploy API 模块"],"fullName":"API 客户端 viteDeploy API 模块 status 方法应该调用 GET /deploy/vite/status/:taskId","status":"passed","title":"status 方法应该调用 GET /deploy/vite/status/:taskId","duration":7.580799999999726,"failureMessages":[],"meta":{}},{"ancestorTitles":["API 客户端","dockerStoreApi 模块"],"fullName":"API 客户端 dockerStoreApi 模块 getStoreApps 应该调用 GET /docker-store/apps","status":"passed","title":"getStoreApps 应该调用 GET /docker-store/apps","duration":25.10680000000002,"failureMessages":[],"meta":{}},{"ancestorTitles":["API 客户端","dockerStoreApi 模块"],"fullName":"API 客户端 dockerStoreApi 模块 getStoreApps 不带参数时应该调用不带 category","status":"passed","title":"getStoreApps 不带参数时应该调用不带 category","duration":6.870800000000145,"failureMessages":[],"meta":{}},{"ancestorTitles":["API 客户端","dockerStoreApi 模块"],"fullName":"API 客户端 dockerStoreApi 模块 getStoreApp 应该调用 GET /docker-store/apps/:appId","status":"passed","title":"getStoreApp 应该调用 GET /docker-store/apps/:appId","duration":11.099099999999908,"failureMessages":[],"meta":{}},{"ancestorTitles":["API 客户端","dockerStoreApi 模块"],"fullName":"API 客户端 dockerStoreApi 模块 installStoreApp 应该调用 POST /docker-store/install/:appId","status":"passed","title":"installStoreApp 应该调用 POST /docker-store/install/:appId","duration":28.48810000000003,"failureMessages":[],"meta":{}},{"ancestorTitles":["API 客户端","dockerStoreApi 模块"],"fullName":"API 客户端 dockerStoreApi 模块 uninstallStoreApp 应该调用 POST /docker-store/uninstall/:appId","status":"passed","title":"uninstallStoreApp 应该调用 POST /docker-store/uninstall/:appId","duration":4.724499999999807,"failureMessages":[],"meta":{}},{"ancestorTitles":["API 客户端","dockerStoreApi 模块"],"fullName":"API 客户端 dockerStoreApi 模块 getStoreAppStatus 应该调用 GET /docker-store/status/:appId","status":"passed","title":"getStoreAppStatus 应该调用 GET /docker-store/status/:appId","duration":4.069599999999809,"failureMessages":[],"meta":{}},{"ancestorTitles":["API 客户端","securityNetworkApi 模块"],"fullName":"API 客户端 securityNetworkApi 模块 getFirewallBackend 应该调用 GET /security/firewall/backend","status":"passed","title":"getFirewallBackend 应该调用 GET /security/firewall/backend","duration":9.664699999999812,"failureMessages":[],"meta":{}},{"ancestorTitles":["API 客户端","securityNetworkApi 模块"],"fullName":"API 客户端 securityNetworkApi 模块 getFirewallRules 应该调用 GET /security/firewall/rules","status":"passed","title":"getFirewallRules 应该调用 GET /security/firewall/rules","duration":7.454600000000028,"failureMessages":[],"meta":{}},{"ancestorTitles":["API 客户端","securityNetworkApi 模块"],"fullName":"API 客户端 securityNetworkApi 模块 addPortRule 应该调用 POST /security/firewall/port","status":"passed","title":"addPortRule 应该调用 POST /security/firewall/port","duration":29.61409999999978,"failureMessages":[],"meta":{}},{"ancestorTitles":["API 客户端","securityNetworkApi 模块"],"fullName":"API 客户端 securityNetworkApi 模块 getSshConfig 应该调用 GET /security/ssh/config","status":"passed","title":"getSshConfig 应该调用 GET /security/ssh/config","duration":5.599799999999959,"failureMessages":[],"meta":{}},{"ancestorTitles":["API 客户端","securityNetworkApi 模块"],"fullName":"API 客户端 securityNetworkApi 模块 runPing 应该调用 POST /security/network/ping","status":"passed","title":"runPing 应该调用 POST /security/network/ping","duration":4.876600000000053,"failureMessages":[],"meta":{}},{"ancestorTitles":["API 客户端","cronBackupApi 模块"],"fullName":"API 客户端 cronBackupApi 模块 listCronJobs 应该调用 GET /cron-backup/cron-jobs","status":"passed","title":"listCronJobs 应该调用 GET /cron-backup/cron-jobs","duration":6.972400000000107,"failureMessages":[],"meta":{}},{"ancestorTitles":["API 客户端","cronBackupApi 模块"],"fullName":"API 客户端 cronBackupApi 模块 createCronJob 应该调用 POST /cron-backup/cron-jobs","status":"passed","title":"createCronJob 应该调用 POST /cron-backup/cron-jobs","duration":22.040199999999913,"failureMessages":[],"meta":{}},{"ancestorTitles":["API 客户端","cronBackupApi 模块"],"fullName":"API 客户端 cronBackupApi 模块 deleteCronJob 应该调用 DELETE /cron-backup/cron-jobs/:jobId","status":"passed","title":"deleteCronJob 应该调用 DELETE /cron-backup/cron-jobs/:jobId","duration":27.536200000000008,"failureMessages":[],"meta":{}},{"ancestorTitles":["API 客户端","cronBackupApi 模块"],"fullName":"API 客户端 cronBackupApi 模块 listBackupHistory 应该调用 GET /cron-backup/backup-history","status":"passed","title":"listBackupHistory 应该调用 GET /cron-backup/backup-history","duration":5.650000000000091,"failureMessages":[],"meta":{}},{"ancestorTitles":["API 客户端","cronBackupApi 模块"],"fullName":"API 客户端 cronBackupApi 模块 getDiskAlert 应该调用 GET /cron-backup/disk-alert","status":"passed","title":"getDiskAlert 应该调用 GET /cron-backup/disk-alert","duration":5.628099999999904,"failureMessages":[],"meta":{}},{"ancestorTitles":["API 客户端","类型定义导出"],"fullName":"API 客户端 类型定义导出 应该导出 ViteCheckResponse 类型","status":"passed","title":"应该导出 ViteCheckResponse 类型","duration":9.48720000000003,"failureMessages":[],"meta":{}},{"ancestorTitles":["API 客户端","类型定义导出"],"fullName":"API 客户端 类型定义导出 应该导出 ViteTaskResponse 类型","status":"passed","title":"应该导出 ViteTaskResponse 类型","duration":7.684100000000399,"failureMessages":[],"meta":{}},{"ancestorTitles":["API 客户端","类型定义导出"],"fullName":"API 客户端 类型定义导出 应该导出 StoreApp 类型","status":"passed","title":"应该导出 StoreApp 类型","duration":4.32569999999987,"failureMessages":[],"meta":{}},{"ancestorTitles":["API 客户端","类型定义导出"],"fullName":"API 客户端 类型定义导出 应该导出 FirewallRule 类型","status":"passed","title":"应该导出 FirewallRule 类型","duration":3.887499999999818,"failureMessages":[],"meta":{}}],"startTime":1780200968761,"endTime":1780200970322.8875,"status":"passed","message":"","name":"E:/Temps/Desktop/code/OpsV-Kits/frontend/tests/api.test.ts"},{"assertionResults":[{"ancestorTitles":["Router","路由定义"],"fullName":"Router 路由定义 应该定义所有预期的路由","status":"passed","title":"应该定义所有预期的路由","duration":0.8728000000000975,"failureMessages":[],"meta":{}},{"ancestorTitles":["Router","路由定义"],"fullName":"Router 路由定义 应该包含首页路由","status":"passed","title":"应该包含首页路由","duration":0.22070000000007894,"failureMessages":[],"meta":{}},{"ancestorTitles":["Router","路由定义"],"fullName":"Router 路由定义 应该包含项目管理路由","status":"passed","title":"应该包含项目管理路由","duration":0.18509999999992033,"failureMessages":[],"meta":{}},{"ancestorTitles":["Router","路由定义"],"fullName":"Router 路由定义 应该包含文件管理路由","status":"passed","title":"应该包含文件管理路由","duration":0.11550000000011096,"failureMessages":[],"meta":{}},{"ancestorTitles":["Router","路由定义"],"fullName":"Router 路由定义 应该包含 SSH 账户管理路由","status":"passed","title":"应该包含 SSH 账户管理路由","duration":0.14439999999990505,"failureMessages":[],"meta":{}},{"ancestorTitles":["Router","路由定义"],"fullName":"Router 路由定义 应该包含 Docker 管理路由","status":"passed","title":"应该包含 Docker 管理路由","duration":0.0986000000000331,"failureMessages":[],"meta":{}},{"ancestorTitles":["Router","路由定义"],"fullName":"Router 路由定义 应该包含 Docker 应用商店路由","status":"passed","title":"应该包含 Docker 应用商店路由","duration":0.09320000000002437,"failureMessages":[],"meta":{}},{"ancestorTitles":["Router","路由定义"],"fullName":"Router 路由定义 应该包含容器详情路由","status":"passed","title":"应该包含容器详情路由","duration":0.08240000000000691,"failureMessages":[],"meta":{}},{"ancestorTitles":["Router","路由定义"],"fullName":"Router 路由定义 应该包含 WebSSH 路由","status":"passed","title":"应该包含 WebSSH 路由","duration":0.13520000000016807,"failureMessages":[],"meta":{}},{"ancestorTitles":["Router","路由定义"],"fullName":"Router 路由定义 应该包含工具箱路由","status":"passed","title":"应该包含工具箱路由","duration":0.10999999999989996,"failureMessages":[],"meta":{}},{"ancestorTitles":["Router","路由定义"],"fullName":"Router 路由定义 应该包含设置路由","status":"passed","title":"应该包含设置路由","duration":0.0884000000000924,"failureMessages":[],"meta":{}},{"ancestorTitles":["Router","路由定义"],"fullName":"Router 路由定义 应该包含监控大屏路由","status":"passed","title":"应该包含监控大屏路由","duration":0.08330000000000837,"failureMessages":[],"meta":{}},{"ancestorTitles":["Router","路由定义"],"fullName":"Router 路由定义 应该包含监控大屏路由","status":"passed","title":"应该包含监控大屏路由","duration":0.16059999999993124,"failureMessages":[],"meta":{}},{"ancestorTitles":["Router","路由定义"],"fullName":"Router 路由定义 应该包含进程管理路由","status":"passed","title":"应该包含进程管理路由","duration":0.11149999999997817,"failureMessages":[],"meta":{}},{"ancestorTitles":["Router","路由定义"],"fullName":"Router 路由定义 应该包含安全与网络路由","status":"passed","title":"应该包含安全与网络路由","duration":0.09760000000005675,"failureMessages":[],"meta":{}},{"ancestorTitles":["Router","路由定义"],"fullName":"Router 路由定义 应该包含计划任务与备份路由","status":"passed","title":"应该包含计划任务与备份路由","duration":0.11519999999995889,"failureMessages":[],"meta":{}},{"ancestorTitles":["Router","路由元信息"],"fullName":"Router 路由元信息 所有路由都应该有 title 元信息","status":"passed","title":"所有路由都应该有 title 元信息","duration":0.6945000000000618,"failureMessages":[],"meta":{}},{"ancestorTitles":["Router","路由元信息"],"fullName":"Router 路由元信息 首页路由的 title 应该为 \"首页\"","status":"passed","title":"首页路由的 title 应该为 \"首页\"","duration":0.08979999999996835,"failureMessages":[],"meta":{}},{"ancestorTitles":["Router","路由元信息"],"fullName":"Router 路由元信息 Docker 路由的 title 应该为 \"Docker 管理\"","status":"passed","title":"Docker 路由的 title 应该为 \"Docker 管理\"","duration":0.07510000000002037,"failureMessages":[],"meta":{}},{"ancestorTitles":["Router","路由元信息"],"fullName":"Router 路由元信息 监控大屏路由的 title 应该为 \"监控大屏\"","status":"passed","title":"监控大屏路由的 title 应该为 \"监控大屏\"","duration":0.10030000000006112,"failureMessages":[],"meta":{}},{"ancestorTitles":["Router","路由元信息"],"fullName":"Router 路由元信息 安全与网络路由的 title 应该为 \"安全与网络\"","status":"passed","title":"安全与网络路由的 title 应该为 \"安全与网络\"","duration":0.07220000000006621,"failureMessages":[],"meta":{}},{"ancestorTitles":["Router","组件懒加载"],"fullName":"Router 组件懒加载 首页路由应该使用懒加载","status":"passed","title":"首页路由应该使用懒加载","duration":0.080600000000004,"failureMessages":[],"meta":{}},{"ancestorTitles":["Router","组件懒加载"],"fullName":"Router 组件懒加载 项目管理路由应该使用懒加载","status":"passed","title":"项目管理路由应该使用懒加载","duration":0.07529999999997017,"failureMessages":[],"meta":{}},{"ancestorTitles":["Router","组件懒加载"],"fullName":"Router 组件懒加载 容器详情路由应该使用懒加载","status":"passed","title":"容器详情路由应该使用懒加载","duration":0.07369999999991705,"failureMessages":[],"meta":{}},{"ancestorTitles":["Router","组件懒加载"],"fullName":"Router 组件懒加载 监控大屏路由应该使用懒加载","status":"passed","title":"监控大屏路由应该使用懒加载","duration":0.06839999999988322,"failureMessages":[],"meta":{}},{"ancestorTitles":["Router","路由路径格式"],"fullName":"Router 路由路径格式 所有路由路径都应该以 / 开头","status":"passed","title":"所有路由路径都应该以 / 开头","duration":0.2855000000001837,"failureMessages":[],"meta":{}},{"ancestorTitles":["Router","路由路径格式"],"fullName":"Router 路由路径格式 容器详情路由应该使用动态参数","status":"passed","title":"容器详情路由应该使用动态参数","duration":0.11259999999992942,"failureMessages":[],"meta":{}},{"ancestorTitles":["Router","路由路径格式"],"fullName":"Router 路由路径格式 监控相关路由应该使用 /monitor 前缀","status":"passed","title":"监控相关路由应该使用 /monitor 前缀","duration":0.1353999999998905,"failureMessages":[],"meta":{}},{"ancestorTitles":["Router","路由路径格式"],"fullName":"Router 路由路径格式 Docker 相关路由应该使用 /docker 前缀","status":"passed","title":"Docker 相关路由应该使用 /docker 前缀","duration":0.0986000000000331,"failureMessages":[],"meta":{}},{"ancestorTitles":["Router","路由名称唯一性"],"fullName":"Router 路由名称唯一性 所有路由名称应该唯一","status":"passed","title":"所有路由名称应该唯一","duration":0.07510000000002037,"failureMessages":[],"meta":{}},{"ancestorTitles":["Router","路由历史模式"],"fullName":"Router 路由历史模式 应该使用 createWebHistory","status":"passed","title":"应该使用 createWebHistory","duration":0.07510000000002037,"failureMessages":[],"meta":{}}],"startTime":1780200971294,"endTime":1780200971299.1355,"status":"passed","message":"","name":"E:/Temps/Desktop/code/OpsV-Kits/frontend/tests/router.test.ts"},{"assertionResults":[{"ancestorTitles":["ContainerList","基础渲染"],"fullName":"ContainerList 基础渲染 应该渲染容器列表容器","status":"passed","title":"应该渲染容器列表容器","duration":34.83069999999998,"failureMessages":[],"meta":{}},{"ancestorTitles":["ContainerList","基础渲染"],"fullName":"ContainerList 基础渲染 应该渲染表格结构","status":"passed","title":"应该渲染表格结构","duration":8.581399999999803,"failureMessages":[],"meta":{}},{"ancestorTitles":["ContainerList","基础渲染"],"fullName":"ContainerList 基础渲染 应该渲染表头列","status":"passed","title":"应该渲染表头列","duration":9.808199999999943,"failureMessages":[],"meta":{}},{"ancestorTitles":["ContainerList","基础渲染"],"fullName":"ContainerList 基础渲染 应该根据 containers 数量渲染对应行数","status":"passed","title":"应该根据 containers 数量渲染对应行数","duration":8.26019999999994,"failureMessages":[],"meta":{}},{"ancestorTitles":["ContainerList","基础渲染"],"fullName":"ContainerList 基础渲染 容器为空时应该显示空状态","status":"passed","title":"容器为空时应该显示空状态","duration":1.5167999999998756,"failureMessages":[],"meta":{}},{"ancestorTitles":["ContainerList","基础渲染"],"fullName":"ContainerList 基础渲染 应该渲染容器名称","status":"passed","title":"应该渲染容器名称","duration":9.977800000000116,"failureMessages":[],"meta":{}},{"ancestorTitles":["ContainerList","基础渲染"],"fullName":"ContainerList 基础渲染 应该渲染容器镜像","status":"passed","title":"应该渲染容器镜像","duration":6.877899999999954,"failureMessages":[],"meta":{}},{"ancestorTitles":["ContainerList","基础渲染"],"fullName":"ContainerList 基础渲染 应该渲染端口信息","status":"passed","title":"应该渲染端口信息","duration":9.020800000000008,"failureMessages":[],"meta":{}},{"ancestorTitles":["ContainerList","基础渲染"],"fullName":"ContainerList 基础渲染 端口为空时应该显示短横线","status":"passed","title":"端口为空时应该显示短横线","duration":16.258699999999862,"failureMessages":[],"meta":{}},{"ancestorTitles":["ContainerList","基础渲染"],"fullName":"ContainerList 基础渲染 应该渲染创建时间","status":"passed","title":"应该渲染创建时间","duration":9.770899999999983,"failureMessages":[],"meta":{}},{"ancestorTitles":["ContainerList","状态标签"],"fullName":"ContainerList 状态标签 running 状态应该渲染 Md3Tag","status":"passed","title":"running 状态应该渲染 Md3Tag","duration":10.910000000000082,"failureMessages":[],"meta":{}},{"ancestorTitles":["ContainerList","状态标签"],"fullName":"ContainerList 状态标签 应该显示容器状态文本","status":"passed","title":"应该显示容器状态文本","duration":9.02170000000001,"failureMessages":[],"meta":{}},{"ancestorTitles":["ContainerList","状态标签"],"fullName":"ContainerList 状态标签 应该渲染状态对应的 status 文本","status":"passed","title":"应该渲染状态对应的 status 文本","duration":13.30600000000004,"failureMessages":[],"meta":{}},{"ancestorTitles":["ContainerList","操作按钮"],"fullName":"ContainerList 操作按钮 每行应该渲染操作按钮区域","status":"passed","title":"每行应该渲染操作按钮区域","duration":5.366199999999935,"failureMessages":[],"meta":{}},{"ancestorTitles":["ContainerList","操作按钮"],"fullName":"ContainerList 操作按钮 running 容器的启动按钮应该被禁用","status":"passed","title":"running 容器的启动按钮应该被禁用","duration":5.042400000000043,"failureMessages":[],"meta":{}},{"ancestorTitles":["ContainerList","操作按钮"],"fullName":"ContainerList 操作按钮 非 running 容器的停止按钮应该被禁用","status":"passed","title":"非 running 容器的停止按钮应该被禁用","duration":5.853800000000092,"failureMessages":[],"meta":{}},{"ancestorTitles":["ContainerList","操作按钮"],"fullName":"ContainerList 操作按钮 非 running 容器的终端按钮应该被禁用","status":"passed","title":"非 running 容器的终端按钮应该被禁用","duration":10.468200000000024,"failureMessages":[],"meta":{}},{"ancestorTitles":["ContainerList","操作按钮"],"fullName":"ContainerList 操作按钮 点击启动按钮应该触发 start 事件","status":"passed","title":"点击启动按钮应该触发 start 事件","duration":5.870499999999993,"failureMessages":[],"meta":{}},{"ancestorTitles":["ContainerList","操作按钮"],"fullName":"ContainerList 操作按钮 点击停止按钮应该触发 stop 事件","status":"passed","title":"点击停止按钮应该触发 stop 事件","duration":4.8646000000001095,"failureMessages":[],"meta":{}},{"ancestorTitles":["ContainerList","操作按钮"],"fullName":"ContainerList 操作按钮 点击重启按钮应该触发 restart 事件","status":"passed","title":"点击重启按钮应该触发 restart 事件","duration":5.262699999999995,"failureMessages":[],"meta":{}},{"ancestorTitles":["ContainerList","操作按钮"],"fullName":"ContainerList 操作按钮 点击日志按钮应该触发 logs 事件","status":"passed","title":"点击日志按钮应该触发 logs 事件","duration":10.048999999999978,"failureMessages":[],"meta":{}},{"ancestorTitles":["ContainerList","操作按钮"],"fullName":"ContainerList 操作按钮 点击终端按钮应该触发 terminal 事件","status":"passed","title":"点击终端按钮应该触发 terminal 事件","duration":6.4418000000000575,"failureMessages":[],"meta":{}},{"ancestorTitles":["ContainerList","操作按钮"],"fullName":"ContainerList 操作按钮 点击删除按钮应该触发 confirmDelete","status":"passed","title":"点击删除按钮应该触发 confirmDelete","duration":8.621299999999792,"failureMessages":[],"meta":{}},{"ancestorTitles":["ContainerList","行选择"],"fullName":"ContainerList 行选择 每行应该有复选框","status":"passed","title":"每行应该有复选框","duration":5.064199999999801,"failureMessages":[],"meta":{}},{"ancestorTitles":["ContainerList","行选择"],"fullName":"ContainerList 行选择 表头应该有全选复选框","status":"passed","title":"表头应该有全选复选框","duration":21.835900000000038,"failureMessages":[],"meta":{}},{"ancestorTitles":["ContainerList","行选择"],"fullName":"ContainerList 行选择 点击行复选框应该触发 selectionChange 事件","status":"passed","title":"点击行复选框应该触发 selectionChange 事件","duration":15.05619999999999,"failureMessages":[],"meta":{}},{"ancestorTitles":["ContainerList","行选择"],"fullName":"ContainerList 行选择 点击全选复选框应该选中所有行","status":"passed","title":"点击全选复选框应该选中所有行","duration":10.237800000000334,"failureMessages":[],"meta":{}},{"ancestorTitles":["ContainerList","行选择"],"fullName":"ContainerList 行选择 全选后再次点击全选应该取消所有选择","status":"passed","title":"全选后再次点击全选应该取消所有选择","duration":12.984300000000076,"failureMessages":[],"meta":{}},{"ancestorTitles":["ContainerList","行选择"],"fullName":"ContainerList 行选择 点击单个行复选框应该选中该行","status":"passed","title":"点击单个行复选框应该选中该行","duration":6.991100000000188,"failureMessages":[],"meta":{}},{"ancestorTitles":["ContainerList","行选择"],"fullName":"ContainerList 行选择 容器为空时全选复选框不应该被选中","status":"passed","title":"容器为空时全选复选框不应该被选中","duration":1.3403000000002976,"failureMessages":[],"meta":{}},{"ancestorTitles":["ContainerList","不同容器状态"],"fullName":"ContainerList 不同容器状态 created 状态的容器应该正常渲染","status":"passed","title":"created 状态的容器应该正常渲染","duration":2.4299999999998363,"failureMessages":[],"meta":{}}],"startTime":1780200971203,"endTime":1780200971495.43,"status":"passed","message":"","name":"E:/Temps/Desktop/code/OpsV-Kits/frontend/tests/components/ContainerList.test.ts"},{"assertionResults":[{"ancestorTitles":["DbToolkitPanel"],"fullName":"DbToolkitPanel 应该渲染数据库工具面板","status":"passed","title":"应该渲染数据库工具面板","duration":24.118599999999788,"failureMessages":[],"meta":{}},{"ancestorTitles":["DbConnectionManager"],"fullName":"DbConnectionManager 应该渲染数据库连接管理器","status":"passed","title":"应该渲染数据库连接管理器","duration":4.614200000000437,"failureMessages":[],"meta":{}},{"ancestorTitles":["DbLoginDialog"],"fullName":"DbLoginDialog 应该渲染数据库登录对话框","status":"passed","title":"应该渲染数据库登录对话框","duration":8.38630000000012,"failureMessages":[],"meta":{}},{"ancestorTitles":["DbLoginDialog"],"fullName":"DbLoginDialog 应该接受 visible prop","status":"passed","title":"应该接受 visible prop","duration":1.2206999999998516,"failureMessages":[],"meta":{}},{"ancestorTitles":["DbLoginDialog"],"fullName":"DbLoginDialog visible 为 true 时应该显示对话框","status":"passed","title":"visible 为 true 时应该显示对话框","duration":3.0960000000000036,"failureMessages":[],"meta":{}},{"ancestorTitles":["DbManagerPanel"],"fullName":"DbManagerPanel 应该渲染数据库管理面板","status":"passed","title":"应该渲染数据库管理面板","duration":3.563000000000102,"failureMessages":[],"meta":{}},{"ancestorTitles":["DbManagerPanel"],"fullName":"DbManagerPanel 应该接受所有 props","status":"passed","title":"应该接受所有 props","duration":2.3706999999999425,"failureMessages":[],"meta":{}},{"ancestorTitles":["DbSidebar"],"fullName":"DbSidebar 应该渲染数据库侧边栏","status":"passed","title":"应该渲染数据库侧边栏","duration":5.850699999999961,"failureMessages":[],"meta":{}},{"ancestorTitles":["MySqlPanel"],"fullName":"MySqlPanel 应该渲染 MySQL 面板","status":"passed","title":"应该渲染 MySQL 面板","duration":2.106499999999869,"failureMessages":[],"meta":{}},{"ancestorTitles":["RedisPanel"],"fullName":"RedisPanel 应该渲染 Redis 面板","status":"passed","title":"应该渲染 Redis 面板","duration":1.4935999999997875,"failureMessages":[],"meta":{}},{"ancestorTitles":["RedisKeyDetail"],"fullName":"RedisKeyDetail 应该渲染 Redis 键详情","status":"passed","title":"应该渲染 Redis 键详情","duration":3.884100000000217,"failureMessages":[],"meta":{}},{"ancestorTitles":["RedisKeyDetail"],"fullName":"RedisKeyDetail 无 keyInfo 时不应渲染","status":"passed","title":"无 keyInfo 时不应渲染","duration":1.6349999999997635,"failureMessages":[],"meta":{}},{"ancestorTitles":["RedisKeyList"],"fullName":"RedisKeyList 应该渲染 Redis 键列表","status":"passed","title":"应该渲染 Redis 键列表","duration":6.25,"failureMessages":[],"meta":{}},{"ancestorTitles":["SqlQueryEditor"],"fullName":"SqlQueryEditor 应该渲染 SQL 查询编辑器","status":"passed","title":"应该渲染 SQL 查询编辑器","duration":3.2001000000000204,"failureMessages":[],"meta":{}},{"ancestorTitles":["SqlResultTable"],"fullName":"SqlResultTable 应该渲染 SQL 结果表","status":"passed","title":"应该渲染 SQL 结果表","duration":4.223899999999958,"failureMessages":[],"meta":{}},{"ancestorTitles":["SqlResultTable"],"fullName":"SqlResultTable 无 result 时不应渲染","status":"passed","title":"无 result 时不应渲染","duration":0.8485000000000582,"failureMessages":[],"meta":{}},{"ancestorTitles":["DataRowForm"],"fullName":"DataRowForm 应该渲染数据行表单","status":"passed","title":"应该渲染数据行表单","duration":2.4429999999997563,"failureMessages":[],"meta":{}},{"ancestorTitles":["DataEditor"],"fullName":"DataEditor 应该渲染数据编辑器","status":"passed","title":"应该渲染数据编辑器","duration":4.147400000000289,"failureMessages":[],"meta":{}},{"ancestorTitles":["TableInfoPanel"],"fullName":"TableInfoPanel 应该渲染表信息面板","status":"passed","title":"应该渲染表信息面板","duration":2.3201999999996588,"failureMessages":[],"meta":{}}],"startTime":1780200972648,"endTime":1780200972735.3203,"status":"passed","message":"","name":"E:/Temps/Desktop/code/OpsV-Kits/frontend/tests/components/DbComponents.test.ts"},{"assertionResults":[{"ancestorTitles":["ImageList"],"fullName":"ImageList 应该渲染镜像列表容器","status":"passed","title":"应该渲染镜像列表容器","duration":28.136199999999917,"failureMessages":[],"meta":{}},{"ancestorTitles":["ImageList"],"fullName":"ImageList 应该渲染表格结构","status":"passed","title":"应该渲染表格结构","duration":5.58829999999989,"failureMessages":[],"meta":{}},{"ancestorTitles":["ImageList"],"fullName":"ImageList 应该渲染表头列","status":"passed","title":"应该渲染表头列","duration":5.8573999999998705,"failureMessages":[],"meta":{}},{"ancestorTitles":["ImageList"],"fullName":"ImageList 应该根据 images 数量渲染对应行数","status":"passed","title":"应该根据 images 数量渲染对应行数","duration":5.222700000000259,"failureMessages":[],"meta":{}},{"ancestorTitles":["ImageList"],"fullName":"ImageList 镜像为空时应该显示空状态","status":"passed","title":"镜像为空时应该显示空状态","duration":3.6362999999996646,"failureMessages":[],"meta":{}},{"ancestorTitles":["ImageList"],"fullName":"ImageList 应该渲染镜像名称","status":"passed","title":"应该渲染镜像名称","duration":5.893199999999979,"failureMessages":[],"meta":{}},{"ancestorTitles":["ImageList"],"fullName":"ImageList 应该渲染镜像 ID（截取前12位）","status":"passed","title":"应该渲染镜像 ID（截取前12位）","duration":5.26260000000002,"failureMessages":[],"meta":{}},{"ancestorTitles":["ImageList"],"fullName":"ImageList 应该渲染镜像大小","status":"passed","title":"应该渲染镜像大小","duration":5.628000000000156,"failureMessages":[],"meta":{}},{"ancestorTitles":["ImageList"],"fullName":"ImageList 应该渲染使用状态标签","status":"passed","title":"应该渲染使用状态标签","duration":5.225199999999859,"failureMessages":[],"meta":{}},{"ancestorTitles":["ImageList"],"fullName":"ImageList 应该渲染操作按钮","status":"passed","title":"应该渲染操作按钮","duration":7.8449999999998,"failureMessages":[],"meta":{}},{"ancestorTitles":["ImageList"],"fullName":"ImageList 使用中的镜像删除按钮应该被禁用","status":"passed","title":"使用中的镜像删除按钮应该被禁用","duration":4.058700000000044,"failureMessages":[],"meta":{}},{"ancestorTitles":["ImageList"],"fullName":"ImageList 点击拉取按钮应该触发 pull 事件","status":"passed","title":"点击拉取按钮应该触发 pull 事件","duration":5.1361000000001695,"failureMessages":[],"meta":{}},{"ancestorTitles":["ImageList"],"fullName":"ImageList 点击构建按钮应该触发 build 事件","status":"passed","title":"点击构建按钮应该触发 build 事件","duration":4.093900000000303,"failureMessages":[],"meta":{}},{"ancestorTitles":["ImageList"],"fullName":"ImageList 点击删除按钮应该调用 Md3Confirm","status":"passed","title":"点击删除按钮应该调用 Md3Confirm","duration":4.453899999999976,"failureMessages":[],"meta":{}},{"ancestorTitles":["ContainerStatsPanel"],"fullName":"ContainerStatsPanel 应该渲染容器统计面板","status":"passed","title":"应该渲染容器统计面板","duration":6.534200000000055,"failureMessages":[],"meta":{}},{"ancestorTitles":["ContainerStatsPanel"],"fullName":"ContainerStatsPanel 应该接受 containerId prop","status":"passed","title":"应该接受 containerId prop","duration":2.303100000000086,"failureMessages":[],"meta":{}},{"ancestorTitles":["ViteDeployPanel"],"fullName":"ViteDeployPanel 应该渲染 Vite 部署面板","status":"passed","title":"应该渲染 Vite 部署面板","duration":8.279399999999896,"failureMessages":[],"meta":{}},{"ancestorTitles":["ViteDeployPanel"],"fullName":"ViteDeployPanel 应该接受 projectConfig prop","status":"passed","title":"应该接受 projectConfig prop","duration":2.4003999999999905,"failureMessages":[],"meta":{}},{"ancestorTitles":["ViteStatusCard"],"fullName":"ViteStatusCard 应该渲染 Vite 状态卡片","status":"passed","title":"应该渲染 Vite 状态卡片","duration":1.5466999999998734,"failureMessages":[],"meta":{}},{"ancestorTitles":["ViteStatusCard"],"fullName":"ViteStatusCard 应该接受 nodeStatus 和 nginxStatus props","status":"passed","title":"应该接受 nodeStatus 和 nginxStatus props","duration":1.487800000000334,"failureMessages":[],"meta":{}},{"ancestorTitles":["WebhookDeployPanel"],"fullName":"WebhookDeployPanel 应该渲染 Webhook 部署面板","status":"passed","title":"应该渲染 Webhook 部署面板","duration":6.659699999999702,"failureMessages":[],"meta":{}},{"ancestorTitles":["BuildPanel"],"fullName":"BuildPanel 应该渲染构建面板","status":"passed","title":"应该渲染构建面板","duration":2.637500000000273,"failureMessages":[],"meta":{}},{"ancestorTitles":["BuildPanel"],"fullName":"BuildPanel 应该接受 buildStatus 和 runStatus props","status":"passed","title":"应该接受 buildStatus 和 runStatus props","duration":2.9679000000000997,"failureMessages":[],"meta":{}},{"ancestorTitles":["BuildPanel"],"fullName":"BuildPanel 应该在无状态时正常渲染","status":"passed","title":"应该在无状态时正常渲染","duration":1.0925999999999476,"failureMessages":[],"meta":{}}],"startTime":1780200972523,"endTime":1780200972656.0925,"status":"passed","message":"","name":"E:/Temps/Desktop/code/OpsV-Kits/frontend/tests/components/DockerComponents.test.ts"},{"assertionResults":[{"ancestorTitles":["SyncPanel"],"fullName":"SyncPanel 应该渲染同步面板","status":"passed","title":"应该渲染同步面板","duration":17.133100000000013,"failureMessages":[],"meta":{}},{"ancestorTitles":["SyncPanel"],"fullName":"SyncPanel 应该接受 syncStatus prop","status":"passed","title":"应该接受 syncStatus prop","duration":2.047800000000052,"failureMessages":[],"meta":{}},{"ancestorTitles":["SyncPanel"],"fullName":"SyncPanel 应该接受 progress prop","status":"passed","title":"应该接受 progress prop","duration":2.711999999999989,"failureMessages":[],"meta":{}},{"ancestorTitles":["SyncPanel"],"fullName":"SyncPanel 应该在空闲状态时正常渲染","status":"passed","title":"应该在空闲状态时正常渲染","duration":1.5924999999999727,"failureMessages":[],"meta":{}},{"ancestorTitles":["SyncPanel"],"fullName":"SyncPanel 应该在同步中时显示进度","status":"passed","title":"应该在同步中时显示进度","duration":1.4367999999999483,"failureMessages":[],"meta":{}},{"ancestorTitles":["SyncPanel"],"fullName":"SyncPanel 应该在同步完成时正常渲染","status":"passed","title":"应该在同步完成时正常渲染","duration":1.5369999999998072,"failureMessages":[],"meta":{}},{"ancestorTitles":["PermissionEditor"],"fullName":"PermissionEditor 应该渲染权限编辑器","status":"passed","title":"应该渲染权限编辑器","duration":9.06510000000003,"failureMessages":[],"meta":{}},{"ancestorTitles":["PermissionEditor"],"fullName":"PermissionEditor 应该接受 modelValue prop","status":"passed","title":"应该接受 modelValue prop","duration":5.269999999999982,"failureMessages":[],"meta":{}},{"ancestorTitles":["PermissionEditor"],"fullName":"PermissionEditor 应该接受 showRecursive prop","status":"passed","title":"应该接受 showRecursive prop","duration":5.010199999999941,"failureMessages":[],"meta":{}},{"ancestorTitles":["PermissionEditor"],"fullName":"PermissionEditor 应该支持不同的权限值","status":"passed","title":"应该支持不同的权限值","duration":17.96550000000002,"failureMessages":[],"meta":{}},{"ancestorTitles":["PermissionEditor"],"fullName":"PermissionEditor 应该在 showRecursive 为 true 时显示递归选项","status":"passed","title":"应该在 showRecursive 为 true 时显示递归选项","duration":11.12760000000003,"failureMessages":[],"meta":{}},{"ancestorTitles":["PermissionEditor"],"fullName":"PermissionEditor 应该在 showRecursive 为 false 时不显示递归选项","status":"passed","title":"应该在 showRecursive 为 false 时不显示递归选项","duration":3.9857999999999265,"failureMessages":[],"meta":{}}],"startTime":1780200972275,"endTime":1780200972353.9858,"status":"passed","message":"","name":"E:/Temps/Desktop/code/OpsV-Kits/frontend/tests/components/FileAndProcessComponents.test.ts"},{"assertionResults":[{"ancestorTitles":["FileBrowser","基础渲染"],"fullName":"FileBrowser 基础渲染 应该渲染文件浏览器容器","status":"passed","title":"应该渲染文件浏览器容器","duration":38.091699999999946,"failureMessages":[],"meta":{}},{"ancestorTitles":["FileBrowser","基础渲染"],"fullName":"FileBrowser 基础渲染 应该渲染工具栏","status":"passed","title":"应该渲染工具栏","duration":10.167199999999866,"failureMessages":[],"meta":{}},{"ancestorTitles":["FileBrowser","基础渲染"],"fullName":"FileBrowser 基础渲染 应该渲染表格结构","status":"passed","title":"应该渲染表格结构","duration":9.630999999999858,"failureMessages":[],"meta":{}},{"ancestorTitles":["FileBrowser","基础渲染"],"fullName":"FileBrowser 基础渲染 应该渲染表头列","status":"passed","title":"应该渲染表头列","duration":9.604199999999764,"failureMessages":[],"meta":{}},{"ancestorTitles":["FileBrowser","基础渲染"],"fullName":"FileBrowser 基础渲染 应该根据 items 数量渲染对应行数","status":"passed","title":"应该根据 items 数量渲染对应行数","duration":12.907300000000305,"failureMessages":[],"meta":{}},{"ancestorTitles":["FileBrowser","基础渲染"],"fullName":"FileBrowser 基础渲染 文件为空时应该显示空状态","status":"passed","title":"文件为空时应该显示空状态","duration":3.743800000000192,"failureMessages":[],"meta":{}},{"ancestorTitles":["FileBrowser","基础渲染"],"fullName":"FileBrowser 基础渲染 应该渲染文件/目录名称","status":"passed","title":"应该渲染文件/目录名称","duration":8.80639999999994,"failureMessages":[],"meta":{}},{"ancestorTitles":["FileBrowser","基础渲染"],"fullName":"FileBrowser 基础渲染 应该渲染权限信息","status":"passed","title":"应该渲染权限信息","duration":8.546300000000429,"failureMessages":[],"meta":{}},{"ancestorTitles":["FileBrowser","基础渲染"],"fullName":"FileBrowser 基础渲染 应该渲染所有者信息","status":"passed","title":"应该渲染所有者信息","duration":16.127199999999903,"failureMessages":[],"meta":{}},{"ancestorTitles":["FileBrowser","基础渲染"],"fullName":"FileBrowser 基础渲染 应该渲染修改时间","status":"passed","title":"应该渲染修改时间","duration":6.018600000000333,"failureMessages":[],"meta":{}},{"ancestorTitles":["FileBrowser","文件大小格式化"],"fullName":"FileBrowser 文件大小格式化 目录应该显示短横线","status":"passed","title":"目录应该显示短横线","duration":7.113299999999981,"failureMessages":[],"meta":{}},{"ancestorTitles":["FileBrowser","文件大小格式化"],"fullName":"FileBrowser 文件大小格式化 文件应该显示格式化后的大小","status":"passed","title":"文件应该显示格式化后的大小","duration":9.803699999999935,"failureMessages":[],"meta":{}},{"ancestorTitles":["FileBrowser","文件大小格式化"],"fullName":"FileBrowser 文件大小格式化 小文件应该显示字节大小","status":"passed","title":"小文件应该显示字节大小","duration":7.018999999999778,"failureMessages":[],"meta":{}},{"ancestorTitles":["FileBrowser","面包屑导航"],"fullName":"FileBrowser 面包屑导航 应该渲染面包屑导航","status":"passed","title":"应该渲染面包屑导航","duration":6.173499999999876,"failureMessages":[],"meta":{}},{"ancestorTitles":["FileBrowser","面包屑导航"],"fullName":"FileBrowser 面包屑导航 应该根据路径渲染面包屑段","status":"passed","title":"应该根据路径渲染面包屑段","duration":9.78690000000006,"failureMessages":[],"meta":{}},{"ancestorTitles":["FileBrowser","面包屑导航"],"fullName":"FileBrowser 面包屑导航 最后一个段应该是当前目录","status":"passed","title":"最后一个段应该是当前目录","duration":12.627999999999702,"failureMessages":[],"meta":{}},{"ancestorTitles":["FileBrowser","面包屑导航"],"fullName":"FileBrowser 面包屑导航 非最后段应该是可点击链接","status":"passed","title":"非最后段应该是可点击链接","duration":21.010699999999815,"failureMessages":[],"meta":{}},{"ancestorTitles":["FileBrowser","面包屑导航"],"fullName":"FileBrowser 面包屑导航 点击面包屑链接应该触发 navigate 事件","status":"passed","title":"点击面包屑链接应该触发 navigate 事件","duration":9.148999999999887,"failureMessages":[],"meta":{}},{"ancestorTitles":["FileBrowser","面包屑导航"],"fullName":"FileBrowser 面包屑导航 根路径时上级按钮应该被禁用","status":"passed","title":"根路径时上级按钮应该被禁用","duration":11.878300000000309,"failureMessages":[],"meta":{}},{"ancestorTitles":["FileBrowser","面包屑导航"],"fullName":"FileBrowser 面包屑导航 非根路径时上级按钮应该可用","status":"passed","title":"非根路径时上级按钮应该可用","duration":11.592099999999846,"failureMessages":[],"meta":{}},{"ancestorTitles":["FileBrowser","面包屑导航"],"fullName":"FileBrowser 面包屑导航 点击上级按钮应该触发 navigate 事件","status":"passed","title":"点击上级按钮应该触发 navigate 事件","duration":19.792700000000423,"failureMessages":[],"meta":{}},{"ancestorTitles":["FileBrowser","操作按钮"],"fullName":"FileBrowser 操作按钮 每行应该渲染操作按钮区域","status":"passed","title":"每行应该渲染操作按钮区域","duration":16.758299999999963,"failureMessages":[],"meta":{}},{"ancestorTitles":["FileBrowser","操作按钮"],"fullName":"FileBrowser 操作按钮 点击下载按钮应该触发 download 事件","status":"passed","title":"点击下载按钮应该触发 download 事件","duration":13.977499999999964,"failureMessages":[],"meta":{}},{"ancestorTitles":["FileBrowser","操作按钮"],"fullName":"FileBrowser 操作按钮 点击重命名按钮应该触发 rename 事件","status":"passed","title":"点击重命名按钮应该触发 rename 事件","duration":10.21349999999984,"failureMessages":[],"meta":{}},{"ancestorTitles":["FileBrowser","操作按钮"],"fullName":"FileBrowser 操作按钮 点击复制按钮应该触发 copy 事件","status":"passed","title":"点击复制按钮应该触发 copy 事件","duration":12.083599999999933,"failureMessages":[],"meta":{}},{"ancestorTitles":["FileBrowser","操作按钮"],"fullName":"FileBrowser 操作按钮 点击权限按钮应该触发 chmod 事件","status":"passed","title":"点击权限按钮应该触发 chmod 事件","duration":14.473500000000058,"failureMessages":[],"meta":{}},{"ancestorTitles":["FileBrowser","操作按钮"],"fullName":"FileBrowser 操作按钮 点击删除按钮应该触发 confirmDelete","status":"passed","title":"点击删除按钮应该触发 confirmDelete","duration":12.527000000000044,"failureMessages":[],"meta":{}},{"ancestorTitles":["FileBrowser","新建与上传"],"fullName":"FileBrowser 新建与上传 showCreate 为 true 时应该显示新建按钮","status":"passed","title":"showCreate 为 true 时应该显示新建按钮","duration":22.31320000000005,"failureMessages":[],"meta":{}},{"ancestorTitles":["FileBrowser","新建与上传"],"fullName":"FileBrowser 新建与上传 showCreate 为 false 时不应该显示新建按钮","status":"passed","title":"showCreate 为 false 时不应该显示新建按钮","duration":13.88799999999992,"failureMessages":[],"meta":{}},{"ancestorTitles":["FileBrowser","新建与上传"],"fullName":"FileBrowser 新建与上传 showUpload 为 true 时应该显示上传按钮","status":"passed","title":"showUpload 为 true 时应该显示上传按钮","duration":9.13799999999992,"failureMessages":[],"meta":{}},{"ancestorTitles":["FileBrowser","新建与上传"],"fullName":"FileBrowser 新建与上传 showUpload 为 false 时不应该显示上传按钮","status":"passed","title":"showUpload 为 false 时不应该显示上传按钮","duration":11.24389999999994,"failureMessages":[],"meta":{}},{"ancestorTitles":["FileBrowser","新建与上传"],"fullName":"FileBrowser 新建与上传 点击上传按钮应该触发 upload 事件","status":"passed","title":"点击上传按钮应该触发 upload 事件","duration":8.8445999999999,"failureMessages":[],"meta":{}},{"ancestorTitles":["FileBrowser","行交互"],"fullName":"FileBrowser 行交互 单击行应该触发 rowClick 事件","status":"passed","title":"单击行应该触发 rowClick 事件","duration":10.182600000000093,"failureMessages":[],"meta":{}},{"ancestorTitles":["FileBrowser","行交互"],"fullName":"FileBrowser 行交互 双击目录行应该触发 navigate 事件","status":"passed","title":"双击目录行应该触发 navigate 事件","duration":10.21730000000025,"failureMessages":[],"meta":{}},{"ancestorTitles":["FileBrowser","行交互"],"fullName":"FileBrowser 行交互 双击文件行不应该触发 navigate 事件","status":"passed","title":"双击文件行不应该触发 navigate 事件","duration":6.0253999999999905,"failureMessages":[],"meta":{}},{"ancestorTitles":["FileBrowser","行交互"],"fullName":"FileBrowser 行交互 双击文件行应该触发 rowDblClick 事件","status":"passed","title":"双击文件行应该触发 rowDblClick 事件","duration":5.682500000000346,"failureMessages":[],"meta":{}},{"ancestorTitles":["FileBrowser","状态栏"],"fullName":"FileBrowser 状态栏 应该显示项目数量","status":"passed","title":"应该显示项目数量","duration":9.685199999999895,"failureMessages":[],"meta":{}},{"ancestorTitles":["FileBrowser","状态栏"],"fullName":"FileBrowser 状态栏 空列表时应该显示 0 项","status":"passed","title":"空列表时应该显示 0 项","duration":3.65079999999989,"failureMessages":[],"meta":{}},{"ancestorTitles":["FileBrowser","状态栏"],"fullName":"FileBrowser 状态栏 有选中项时应该显示选中数量","status":"passed","title":"有选中项时应该显示选中数量","duration":7.102899999999863,"failureMessages":[],"meta":{}},{"ancestorTitles":["FileBrowser","状态栏"],"fullName":"FileBrowser 状态栏 没有选中项时不应该显示选中信息","status":"passed","title":"没有选中项时不应该显示选中信息","duration":8.361300000000028,"failureMessages":[],"meta":{}},{"ancestorTitles":["FileBrowser","路径处理"],"fullName":"FileBrowser 路径处理 应该正确处理 Windows 风格路径","status":"passed","title":"应该正确处理 Windows 风格路径","duration":6.714199999999892,"failureMessages":[],"meta":{}},{"ancestorTitles":["FileBrowser","路径处理"],"fullName":"FileBrowser 路径处理 空路径时上级按钮应该被禁用","status":"passed","title":"空路径时上级按钮应该被禁用","duration":8.065500000000156,"failureMessages":[],"meta":{}}],"startTime":1780200969840,"endTime":1780200970312.0654,"status":"passed","message":"","name":"E:/Temps/Desktop/code/OpsV-Kits/frontend/tests/components/FileBrowser.test.ts"},{"assertionResults":[{"ancestorTitles":["GitBranchPanel"],"fullName":"GitBranchPanel 应该渲染 Git 分支面板","status":"passed","title":"应该渲染 Git 分支面板","duration":26.853400000000192,"failureMessages":[],"meta":{}},{"ancestorTitles":["GitBranchPanel"],"fullName":"GitBranchPanel 应该渲染面板容器","status":"passed","title":"应该渲染面板容器","duration":4.015799999999899,"failureMessages":[],"meta":{}},{"ancestorTitles":["GitCommitPanel"],"fullName":"GitCommitPanel 应该渲染 Git 提交面板","status":"passed","title":"应该渲染 Git 提交面板","duration":7.050500000000056,"failureMessages":[],"meta":{}},{"ancestorTitles":["GitCommitPanel"],"fullName":"GitCommitPanel 应该渲染面板容器","status":"passed","title":"应该渲染面板容器","duration":5.404199999999946,"failureMessages":[],"meta":{}},{"ancestorTitles":["GitRepoPanel"],"fullName":"GitRepoPanel 应该渲染 Git 仓库面板","status":"passed","title":"应该渲染 Git 仓库面板","duration":4.445500000000038,"failureMessages":[],"meta":{}},{"ancestorTitles":["GitRepoPanel"],"fullName":"GitRepoPanel 应该渲染面板容器","status":"passed","title":"应该渲染面板容器","duration":3.2228999999999814,"failureMessages":[],"meta":{}},{"ancestorTitles":["GitSyncPanel"],"fullName":"GitSyncPanel 应该渲染 Git 同步面板","status":"passed","title":"应该渲染 Git 同步面板","duration":2.3623000000000047,"failureMessages":[],"meta":{}},{"ancestorTitles":["GitSyncPanel"],"fullName":"GitSyncPanel 应该渲染面板容器","status":"passed","title":"应该渲染面板容器","duration":1.3985999999999876,"failureMessages":[],"meta":{}}],"startTime":1780200972611,"endTime":1780200972666.3987,"status":"passed","message":"","name":"E:/Temps/Desktop/code/OpsV-Kits/frontend/tests/components/GitComponents.test.ts"},{"assertionResults":[{"ancestorTitles":["Md3Button","基础渲染"],"fullName":"Md3Button 基础渲染 应该渲染为一个 button 元素","status":"passed","title":"应该渲染为一个 button 元素","duration":8.457800000000134,"failureMessages":[],"meta":{}},{"ancestorTitles":["Md3Button","基础渲染"],"fullName":"Md3Button 基础渲染 应该应用 md3-btn 基础类","status":"passed","title":"应该应用 md3-btn 基础类","duration":1.7213999999999032,"failureMessages":[],"meta":{}},{"ancestorTitles":["Md3Button","基础渲染"],"fullName":"Md3Button 基础渲染 默认应该应用 default variant 类","status":"passed","title":"默认应该应用 default variant 类","duration":1.3841999999999643,"failureMessages":[],"meta":{}},{"ancestorTitles":["Md3Button","基础渲染"],"fullName":"Md3Button 基础渲染 默认应该应用 md size 类","status":"passed","title":"默认应该应用 md size 类","duration":1.1585000000000036,"failureMessages":[],"meta":{}},{"ancestorTitles":["Md3Button","基础渲染"],"fullName":"Md3Button 基础渲染 应该渲染 slot 内容","status":"passed","title":"应该渲染 slot 内容","duration":6.04950000000008,"failureMessages":[],"meta":{}},{"ancestorTitles":["Md3Button","Variant Props"],"fullName":"Md3Button Variant Props primary variant 应该应用 md3-btn--primary 类","status":"passed","title":"primary variant 应该应用 md3-btn--primary 类","duration":1.0877000000000407,"failureMessages":[],"meta":{}},{"ancestorTitles":["Md3Button","Variant Props"],"fullName":"Md3Button Variant Props danger variant 应该应用 md3-btn--danger 类","status":"passed","title":"danger variant 应该应用 md3-btn--danger 类","duration":0.7446999999999662,"failureMessages":[],"meta":{}},{"ancestorTitles":["Md3Button","Variant Props"],"fullName":"Md3Button Variant Props success variant 应该应用 md3-btn--success 类","status":"passed","title":"success variant 应该应用 md3-btn--success 类","duration":0.7860999999998057,"failureMessages":[],"meta":{}},{"ancestorTitles":["Md3Button","Variant Props"],"fullName":"Md3Button Variant Props warning variant 应该应用 md3-btn--warning 类","status":"passed","title":"warning variant 应该应用 md3-btn--warning 类","duration":1.0352000000000317,"failureMessages":[],"meta":{}},{"ancestorTitles":["Md3Button","Variant Props"],"fullName":"Md3Button Variant Props text variant 应该应用 md3-btn--text 类","status":"passed","title":"text variant 应该应用 md3-btn--text 类","duration":0.7904000000000906,"failureMessages":[],"meta":{}},{"ancestorTitles":["Md3Button","Size Props"],"fullName":"Md3Button Size Props sm size 应该应用 md3-btn--sm 类","status":"passed","title":"sm size 应该应用 md3-btn--sm 类","duration":1.5947000000001026,"failureMessages":[],"meta":{}},{"ancestorTitles":["Md3Button","Size Props"],"fullName":"Md3Button Size Props md size 应该应用 md3-btn--md 类","status":"passed","title":"md size 应该应用 md3-btn--md 类","duration":1.506900000000087,"failureMessages":[],"meta":{}},{"ancestorTitles":["Md3Button","Size Props"],"fullName":"Md3Button Size Props lg size 应该应用 md3-btn--lg 类","status":"passed","title":"lg size 应该应用 md3-btn--lg 类","duration":1.615500000000111,"failureMessages":[],"meta":{}},{"ancestorTitles":["Md3Button","Size Props"],"fullName":"Md3Button Size Props 没有 slot 内容时 icon-only 应该使用 sm size","status":"passed","title":"没有 slot 内容时 icon-only 应该使用 sm size","duration":3.064399999999978,"failureMessages":[],"meta":{}},{"ancestorTitles":["Md3Button","Size Props"],"fullName":"Md3Button Size Props 有 slot 内容时应该使用 md size","status":"passed","title":"有 slot 内容时应该使用 md size","duration":1.6570999999999003,"failureMessages":[],"meta":{}},{"ancestorTitles":["Md3Button","Icon Props"],"fullName":"Md3Button Icon Props 传入 string icon 应该渲染 Md3Icon 组件","status":"passed","title":"传入 string icon 应该渲染 Md3Icon 组件","duration":1.352600000000166,"failureMessages":[],"meta":{}},{"ancestorTitles":["Md3Button","Icon Props"],"fullName":"Md3Button Icon Props Md3Icon 应该传入正确的 name","status":"passed","title":"Md3Icon 应该传入正确的 name","duration":1.1558999999999742,"failureMessages":[],"meta":{}},{"ancestorTitles":["Md3Button","Icon Props"],"fullName":"Md3Button Icon Props 没有 icon 和 slot 时不应该渲染 Md3Icon","status":"passed","title":"没有 icon 和 slot 时不应该渲染 Md3Icon","duration":1.7424999999998363,"failureMessages":[],"meta":{}},{"ancestorTitles":["Md3Button","Disabled State"],"fullName":"Md3Button Disabled State disabled 应该应用 md3-btn--disabled 类","status":"passed","title":"disabled 应该应用 md3-btn--disabled 类","duration":0.9630999999999403,"failureMessages":[],"meta":{}},{"ancestorTitles":["Md3Button","Disabled State"],"fullName":"Md3Button Disabled State disabled 时 button 应该被禁用","status":"passed","title":"disabled 时 button 应该被禁用","duration":1.5645999999999276,"failureMessages":[],"meta":{}},{"ancestorTitles":["Md3Button","Disabled State"],"fullName":"Md3Button Disabled State disabled 时不应该触发 click 事件","status":"passed","title":"disabled 时不应该触发 click 事件","duration":0.9832999999998719,"failureMessages":[],"meta":{}},{"ancestorTitles":["Md3Button","Disabled State"],"fullName":"Md3Button Disabled State disabled 为 false 时 button 不应该被禁用","status":"passed","title":"disabled 为 false 时 button 不应该被禁用","duration":0.7624000000000706,"failureMessages":[],"meta":{}},{"ancestorTitles":["Md3Button","Loading State"],"fullName":"Md3Button Loading State loading 应该应用 md3-btn--loading 类","status":"passed","title":"loading 应该应用 md3-btn--loading 类","duration":1.8773000000001048,"failureMessages":[],"meta":{}},{"ancestorTitles":["Md3Button","Loading State"],"fullName":"Md3Button Loading State loading 时应该显示 spinner","status":"passed","title":"loading 时应该显示 spinner","duration":2.800899999999956,"failureMessages":[],"meta":{}},{"ancestorTitles":["Md3Button","Loading State"],"fullName":"Md3Button Loading State loading 时不应该渲染 Md3Icon","status":"passed","title":"loading 时不应该渲染 Md3Icon","duration":1.6996999999998934,"failureMessages":[],"meta":{}},{"ancestorTitles":["Md3Button","Loading State"],"fullName":"Md3Button Loading State loading 时 button 应该被禁用","status":"passed","title":"loading 时 button 应该被禁用","duration":0.9284000000000106,"failureMessages":[],"meta":{}},{"ancestorTitles":["Md3Button","Loading State"],"fullName":"Md3Button Loading State loading 时不应该触发 click 事件","status":"passed","title":"loading 时不应该触发 click 事件","duration":0.7869000000000597,"failureMessages":[],"meta":{}},{"ancestorTitles":["Md3Button","Loading State"],"fullName":"Md3Button Loading State loading 为 false 时不应该显示 spinner","status":"passed","title":"loading 为 false 时不应该显示 spinner","duration":1.0413999999998396,"failureMessages":[],"meta":{}},{"ancestorTitles":["Md3Button","Block Prop"],"fullName":"Md3Button Block Prop block 应该应用 md3-btn--block 类","status":"passed","title":"block 应该应用 md3-btn--block 类","duration":1.3255999999998949,"failureMessages":[],"meta":{}},{"ancestorTitles":["Md3Button","Block Prop"],"fullName":"Md3Button Block Prop block 为 false 时不应该应用 block 类","status":"passed","title":"block 为 false 时不应该应用 block 类","duration":1.1881000000000768,"failureMessages":[],"meta":{}},{"ancestorTitles":["Md3Button","Tooltip Prop"],"fullName":"Md3Button Tooltip Prop tooltip 应该设置 title 属性","status":"passed","title":"tooltip 应该设置 title 属性","duration":1.0175999999999021,"failureMessages":[],"meta":{}},{"ancestorTitles":["Md3Button","Tooltip Prop"],"fullName":"Md3Button Tooltip Prop 没有 tooltip 时 title 应该为 undefined","status":"passed","title":"没有 tooltip 时 title 应该为 undefined","duration":1.0152000000000498,"failureMessages":[],"meta":{}},{"ancestorTitles":["Md3Button","Click Event"],"fullName":"Md3Button Click Event 点击时应该触发 click 事件","status":"passed","title":"点击时应该触发 click 事件","duration":2.0483999999999014,"failureMessages":[],"meta":{}},{"ancestorTitles":["Md3Button","Click Event"],"fullName":"Md3Button Click Event click 事件应该传递 MouseEvent","status":"passed","title":"click 事件应该传递 MouseEvent","duration":3.960299999999961,"failureMessages":[],"meta":{}},{"ancestorTitles":["Md3Button","Click Event"],"fullName":"Md3Button Click Event 多次点击应该触发多次","status":"passed","title":"多次点击应该触发多次","duration":1.348799999999983,"failureMessages":[],"meta":{}},{"ancestorTitles":["Md3Button","Combined Props"],"fullName":"Md3Button Combined Props 同时设置 loading 和 disabled 时应该被禁用","status":"passed","title":"同时设置 loading 和 disabled 时应该被禁用","duration":1.378400000000056,"failureMessages":[],"meta":{}},{"ancestorTitles":["Md3Button","Combined Props"],"fullName":"Md3Button Combined Props primary + loading + icon 应该显示 spinner 而非 icon","status":"passed","title":"primary + loading + icon 应该显示 spinner 而非 icon","duration":1.353199999999788,"failureMessages":[],"meta":{}},{"ancestorTitles":["Md3Button","Combined Props"],"fullName":"Md3Button Combined Props danger + disabled 应该同时应用对应类","status":"passed","title":"danger + disabled 应该同时应用对应类","duration":1.365099999999984,"failureMessages":[],"meta":{}}],"startTime":1780200971334,"endTime":1780200971401.365,"status":"passed","message":"","name":"E:/Temps/Desktop/code/OpsV-Kits/frontend/tests/components/Md3Button.test.ts"},{"assertionResults":[{"ancestorTitles":["Md3Alert"],"fullName":"Md3Alert 应该渲染 alert 容器","status":"passed","title":"应该渲染 alert 容器","duration":9.683100000000195,"failureMessages":[],"meta":{}},{"ancestorTitles":["Md3Alert"],"fullName":"Md3Alert 默认 type 为 info","status":"passed","title":"默认 type 为 info","duration":2.15520000000015,"failureMessages":[],"meta":{}},{"ancestorTitles":["Md3Alert"],"fullName":"Md3Alert 应该应用 type 对应的类","status":"passed","title":"应该应用 type 对应的类","duration":1.262499999999818,"failureMessages":[],"meta":{}},{"ancestorTitles":["Md3Alert"],"fullName":"Md3Alert 应该渲染 title 和 message","status":"passed","title":"应该渲染 title 和 message","duration":1.2170999999998457,"failureMessages":[],"meta":{}},{"ancestorTitles":["Md3Alert"],"fullName":"Md3Alert closable 时应该渲染关闭按钮","status":"passed","title":"closable 时应该渲染关闭按钮","duration":1.8247000000001208,"failureMessages":[],"meta":{}},{"ancestorTitles":["Md3Alert"],"fullName":"Md3Alert 非 closable 时不应渲染关闭按钮","status":"passed","title":"非 closable 时不应渲染关闭按钮","duration":0.9520000000002256,"failureMessages":[],"meta":{}},{"ancestorTitles":["Md3Alert"],"fullName":"Md3Alert 点击关闭按钮应该触发 close 事件","status":"passed","title":"点击关闭按钮应该触发 close 事件","duration":2.8492999999998574,"failureMessages":[],"meta":{}},{"ancestorTitles":["Md3Alert"],"fullName":"Md3Alert title slot 应该渲染","status":"passed","title":"title slot 应该渲染","duration":6.138100000000122,"failureMessages":[],"meta":{}},{"ancestorTitles":["Md3Alert"],"fullName":"Md3Alert message slot 应该渲染","status":"passed","title":"message slot 应该渲染","duration":1.8468999999995503,"failureMessages":[],"meta":{}},{"ancestorTitles":["Md3Alert"],"fullName":"Md3Alert 应该渲染 SVG 图标","status":"passed","title":"应该渲染 SVG 图标","duration":1.042699999999968,"failureMessages":[],"meta":{}},{"ancestorTitles":["Md3Alert"],"fullName":"Md3Alert 应该有 role=\"alert\" 属性","status":"passed","title":"应该有 role=\"alert\" 属性","duration":0.8572000000003754,"failureMessages":[],"meta":{}},{"ancestorTitles":["Md3Card"],"fullName":"Md3Card 应该渲染 card 容器","status":"passed","title":"应该渲染 card 容器","duration":0.8518999999996595,"failureMessages":[],"meta":{}},{"ancestorTitles":["Md3Card"],"fullName":"Md3Card 默认不应该有 hoverable 类","status":"passed","title":"默认不应该有 hoverable 类","duration":0.8059000000002925,"failureMessages":[],"meta":{}},{"ancestorTitles":["Md3Card"],"fullName":"Md3Card hoverable 应该应用 hoverable 类","status":"passed","title":"hoverable 应该应用 hoverable 类","duration":0.729099999999562,"failureMessages":[],"meta":{}},{"ancestorTitles":["Md3Card"],"fullName":"Md3Card 默认 slot 应该渲染到 card-body","status":"passed","title":"默认 slot 应该渲染到 card-body","duration":1.3456999999998516,"failureMessages":[],"meta":{}},{"ancestorTitles":["Md3Card"],"fullName":"Md3Card header slot 应该渲染","status":"passed","title":"header slot 应该渲染","duration":1.2392999999992753,"failureMessages":[],"meta":{}},{"ancestorTitles":["Md3Card"],"fullName":"Md3Card 没有 header slot 时不应该渲染 card-header","status":"passed","title":"没有 header slot 时不应该渲染 card-header","duration":0.610700000000179,"failureMessages":[],"meta":{}},{"ancestorTitles":["Md3Card"],"fullName":"Md3Card actions slot 应该渲染","status":"passed","title":"actions slot 应该渲染","duration":1.160399999999754,"failureMessages":[],"meta":{}},{"ancestorTitles":["Md3Card"],"fullName":"Md3Card 没有 actions slot 时不应该渲染 card-actions","status":"passed","title":"没有 actions slot 时不应该渲染 card-actions","duration":0.48690000000078726,"failureMessages":[],"meta":{}},{"ancestorTitles":["Md3Checkbox"],"fullName":"Md3Checkbox 应该渲染 checkbox 容器","status":"passed","title":"应该渲染 checkbox 容器","duration":1.5385999999998603,"failureMessages":[],"meta":{}},{"ancestorTitles":["Md3Checkbox"],"fullName":"Md3Checkbox 应该渲染隐藏的 input checkbox","status":"passed","title":"应该渲染隐藏的 input checkbox","duration":1.2563000000000102,"failureMessages":[],"meta":{}},{"ancestorTitles":["Md3Checkbox"],"fullName":"Md3Checkbox modelValue 为 true 时应该应用 checked 类","status":"passed","title":"modelValue 为 true 时应该应用 checked 类","duration":0.971400000000358,"failureMessages":[],"meta":{}},{"ancestorTitles":["Md3Checkbox"],"fullName":"Md3Checkbox modelValue 为 false 时不应应用 checked 类","status":"passed","title":"modelValue 为 false 时不应应用 checked 类","duration":0.8175999999994019,"failureMessages":[],"meta":{}},{"ancestorTitles":["Md3Checkbox"],"fullName":"Md3Checkbox disabled 应该应用 disabled 类","status":"passed","title":"disabled 应该应用 disabled 类","duration":0.6431999999995242,"failureMessages":[],"meta":{}},{"ancestorTitles":["Md3Checkbox"],"fullName":"Md3Checkbox indeterminate 应该应用 indeterminate 类","status":"passed","title":"indeterminate 应该应用 indeterminate 类","duration":3.5973000000003594,"failureMessages":[],"meta":{}},{"ancestorTitles":["Md3Checkbox"],"fullName":"Md3Checkbox 应该渲染 label 文本","status":"passed","title":"应该渲染 label 文本","duration":0.8590999999996711,"failureMessages":[],"meta":{}},{"ancestorTitles":["Md3Checkbox"],"fullName":"Md3Checkbox 没有 label 时不应该渲染 label 元素","status":"passed","title":"没有 label 时不应该渲染 label 元素","duration":0.6680999999998676,"failureMessages":[],"meta":{}},{"ancestorTitles":["Md3Checkbox"],"fullName":"Md3Checkbox change 事件应该触发 update:modelValue","status":"passed","title":"change 事件应该触发 update:modelValue","duration":1.3822000000000116,"failureMessages":[],"meta":{}},{"ancestorTitles":["Md3Checkbox"],"fullName":"Md3Checkbox change 事件应该触发 change","status":"passed","title":"change 事件应该触发 change","duration":0.9723999999996522,"failureMessages":[],"meta":{}},{"ancestorTitles":["Md3Checkbox"],"fullName":"Md3Checkbox 数组模式 modelValue 应该正确判断 checked","status":"passed","title":"数组模式 modelValue 应该正确判断 checked","duration":0.9885999999996784,"failureMessages":[],"meta":{}},{"ancestorTitles":["Md3Checkbox"],"fullName":"Md3Checkbox 数组模式 change 应该更新数组","status":"passed","title":"数组模式 change 应该更新数组","duration":1.2268999999996595,"failureMessages":[],"meta":{}},{"ancestorTitles":["Md3Collapse"],"fullName":"Md3Collapse 应该渲染 collapse 容器","status":"passed","title":"应该渲染 collapse 容器","duration":1.7502000000004045,"failureMessages":[],"meta":{}},{"ancestorTitles":["Md3Collapse"],"fullName":"Md3Collapse 应该渲染 header 按钮","status":"passed","title":"应该渲染 header 按钮","duration":0.9909999999999854,"failureMessages":[],"meta":{}},{"ancestorTitles":["Md3Collapse"],"fullName":"Md3Collapse 应该渲染 title 文本","status":"passed","title":"应该渲染 title 文本","duration":0.9458999999997104,"failureMessages":[],"meta":{}},{"ancestorTitles":["Md3Collapse"],"fullName":"Md3Collapse title slot 应该渲染","status":"passed","title":"title slot 应该渲染","duration":1.7942000000002736,"failureMessages":[],"meta":{}},{"ancestorTitles":["Md3Collapse"],"fullName":"Md3Collapse 默认 slot 应该渲染","status":"passed","title":"默认 slot 应该渲染","duration":1.7391000000006898,"failureMessages":[],"meta":{}},{"ancestorTitles":["Md3Collapse"],"fullName":"Md3Collapse 点击 header 应该触发 update:modelValue","status":"passed","title":"点击 header 应该触发 update:modelValue","duration":1.5194000000001324,"failureMessages":[],"meta":{}},{"ancestorTitles":["Md3Collapse"],"fullName":"Md3Collapse modelValue 为 true 时应该应用 open 类到 icon","status":"passed","title":"modelValue 为 true 时应该应用 open 类到 icon","duration":3.4445000000005166,"failureMessages":[],"meta":{}},{"ancestorTitles":["Md3Collapse"],"fullName":"Md3Collapse aria-expanded 应该跟随 modelValue","status":"passed","title":"aria-expanded 应该跟随 modelValue","duration":1.459899999999834,"failureMessages":[],"meta":{}},{"ancestorTitles":["Md3Confirm"],"fullName":"Md3Confirm 应该有 show 方法","status":"passed","title":"应该有 show 方法","duration":0.14800000000013824,"failureMessages":[],"meta":{}},{"ancestorTitles":["Md3Confirm"],"fullName":"Md3Confirm show 接受字符串参数应该返回 Promise","status":"passed","title":"show 接受字符串参数应该返回 Promise","duration":10.364199999999983,"failureMessages":[],"meta":{}},{"ancestorTitles":["Md3Confirm"],"fullName":"Md3Confirm show 接受对象参数应该返回 Promise","status":"passed","title":"show 接受对象参数应该返回 Promise","duration":2.3505000000004657,"failureMessages":[],"meta":{}},{"ancestorTitles":["Md3Dialog"],"fullName":"Md3Dialog visible 为 false 时不应渲染 dialog-mask","status":"passed","title":"visible 为 false 时不应渲染 dialog-mask","duration":2.619400000000496,"failureMessages":[],"meta":{}},{"ancestorTitles":["Md3Dialog"],"fullName":"Md3Dialog visible 为 true 时应该渲染 dialog","status":"passed","title":"visible 为 true 时应该渲染 dialog","duration":2.5570999999999913,"failureMessages":[],"meta":{}},{"ancestorTitles":["Md3Dialog"],"fullName":"Md3Dialog 应该渲染 title","status":"passed","title":"应该渲染 title","duration":2.039099999999962,"failureMessages":[],"meta":{}},{"ancestorTitles":["Md3Dialog"],"fullName":"Md3Dialog closable 为 true 时应该渲染关闭按钮","status":"passed","title":"closable 为 true 时应该渲染关闭按钮","duration":4.834199999999328,"failureMessages":[],"meta":{}},{"ancestorTitles":["Md3Dialog"],"fullName":"Md3Dialog closable 为 false 时不应渲染关闭按钮","status":"passed","title":"closable 为 false 时不应渲染关闭按钮","duration":1.7596000000003187,"failureMessages":[],"meta":{}},{"ancestorTitles":["Md3Dialog"],"fullName":"Md3Dialog 点击关闭按钮应该触发 close 和 update:visible","status":"passed","title":"点击关闭按钮应该触发 close 和 update:visible","duration":1.9140999999999622,"failureMessages":[],"meta":{}},{"ancestorTitles":["Md3Dialog"],"fullName":"Md3Dialog fullscreen 应该应用 fullscreen 类","status":"passed","title":"fullscreen 应该应用 fullscreen 类","duration":1.4344999999993888,"failureMessages":[],"meta":{}},{"ancestorTitles":["Md3Dialog"],"fullName":"Md3Dialog 默认 slot 应该渲染到 dialog-body","status":"passed","title":"默认 slot 应该渲染到 dialog-body","duration":1.9218999999993684,"failureMessages":[],"meta":{}},{"ancestorTitles":["Md3Dialog"],"fullName":"Md3Dialog footer slot 应该渲染","status":"passed","title":"footer slot 应该渲染","duration":1.8629999999993743,"failureMessages":[],"meta":{}},{"ancestorTitles":["Md3Dialog"],"fullName":"Md3Dialog 没有 footer slot 时不应该渲染 footer","status":"passed","title":"没有 footer slot 时不应该渲染 footer","duration":1.8405000000002474,"failureMessages":[],"meta":{}},{"ancestorTitles":["Md3Dialog"],"fullName":"Md3Dialog width prop 应该影响 dialog 宽度","status":"passed","title":"width prop 应该影响 dialog 宽度","duration":1.7662000000000262,"failureMessages":[],"meta":{}},{"ancestorTitles":["Md3Divider"],"fullName":"Md3Divider 应该渲染 divider","status":"passed","title":"应该渲染 divider","duration":1.022399999999834,"failureMessages":[],"meta":{}},{"ancestorTitles":["Md3Divider"],"fullName":"Md3Divider 默认 orientation 为 horizontal","status":"passed","title":"默认 orientation 为 horizontal","duration":0.5852000000004409,"failureMessages":[],"meta":{}},{"ancestorTitles":["Md3Divider"],"fullName":"Md3Divider vertical orientation 应该应用 vertical 类","status":"passed","title":"vertical orientation 应该应用 vertical 类","duration":0.5915999999997439,"failureMessages":[],"meta":{}},{"ancestorTitles":["Md3Divider"],"fullName":"Md3Divider label prop 应该渲染文本","status":"passed","title":"label prop 应该渲染文本","duration":0.6296000000002095,"failureMessages":[],"meta":{}},{"ancestorTitles":["Md3Divider"],"fullName":"Md3Divider default slot 应该渲染","status":"passed","title":"default slot 应该渲染","duration":0.9899000000004889,"failureMessages":[],"meta":{}},{"ancestorTitles":["Md3Divider"],"fullName":"Md3Divider horizontal 时应该渲染为 hr 元素","status":"passed","title":"horizontal 时应该渲染为 hr 元素","duration":0.5318999999999505,"failureMessages":[],"meta":{}},{"ancestorTitles":["Md3Divider"],"fullName":"Md3Divider vertical 时应该渲染为 div 元素","status":"passed","title":"vertical 时应该渲染为 div 元素","duration":0.5289000000002488,"failureMessages":[],"meta":{}},{"ancestorTitles":["Md3Empty"],"fullName":"Md3Empty 应该渲染 empty 容器","status":"passed","title":"应该渲染 empty 容器","duration":1.0833000000002357,"failureMessages":[],"meta":{}},{"ancestorTitles":["Md3Empty"],"fullName":"Md3Empty 默认 title 为 \"暂无数据\"","status":"passed","title":"默认 title 为 \"暂无数据\"","duration":0.6613999999999578,"failureMessages":[],"meta":{}},{"ancestorTitles":["Md3Empty"],"fullName":"Md3Empty 自定义 title 应该渲染","status":"passed","title":"自定义 title 应该渲染","duration":0.5733000000000175,"failureMessages":[],"meta":{}},{"ancestorTitles":["Md3Empty"],"fullName":"Md3Empty description 应该渲染","status":"passed","title":"description 应该渲染","duration":0.8028000000003885,"failureMessages":[],"meta":{}},{"ancestorTitles":["Md3Empty"],"fullName":"Md3Empty title slot 应该渲染","status":"passed","title":"title slot 应该渲染","duration":0.9869000000007873,"failureMessages":[],"meta":{}},{"ancestorTitles":["Md3Empty"],"fullName":"Md3Empty description slot 应该渲染","status":"passed","title":"description slot 应该渲染","duration":0.7996999999995751,"failureMessages":[],"meta":{}},{"ancestorTitles":["Md3Empty"],"fullName":"Md3Empty action slot 应该渲染","status":"passed","title":"action slot 应该渲染","duration":0.8881000000001222,"failureMessages":[],"meta":{}},{"ancestorTitles":["Md3Empty"],"fullName":"Md3Empty 应该渲染默认 SVG 图标","status":"passed","title":"应该渲染默认 SVG 图标","duration":0.5875000000005457,"failureMessages":[],"meta":{}},{"ancestorTitles":["Md3Empty"],"fullName":"Md3Empty image slot 应该覆盖默认图标","status":"passed","title":"image slot 应该覆盖默认图标","duration":3.89889999999923,"failureMessages":[],"meta":{}},{"ancestorTitles":["Md3Icon"],"fullName":"Md3Icon 应该渲染 SVG 元素","status":"passed","title":"应该渲染 SVG 元素","duration":1.4038000000000466,"failureMessages":[],"meta":{}},{"ancestorTitles":["Md3Icon"],"fullName":"Md3Icon 应该应用 md3-icon 类","status":"passed","title":"应该应用 md3-icon 类","duration":0.6468999999997322,"failureMessages":[],"meta":{}},{"ancestorTitles":["Md3Icon"],"fullName":"Md3Icon 默认 size 为 20px","status":"passed","title":"默认 size 为 20px","duration":0.6829999999999927,"failureMessages":[],"meta":{}},{"ancestorTitles":["Md3Icon"],"fullName":"Md3Icon 自定义 size 应该应用","status":"passed","title":"自定义 size 应该应用","duration":0.6972999999998137,"failureMessages":[],"meta":{}},{"ancestorTitles":["Md3Icon"],"fullName":"Md3Icon size 为字符串时应该直接使用","status":"passed","title":"size 为字符串时应该直接使用","duration":0.610700000000179,"failureMessages":[],"meta":{}},{"ancestorTitles":["Md3Icon"],"fullName":"Md3Icon color prop 应该设置 SVG 颜色","status":"passed","title":"color prop 应该设置 SVG 颜色","duration":0.7249000000001615,"failureMessages":[],"meta":{}},{"ancestorTitles":["Md3Icon"],"fullName":"Md3Icon 没有 color 时应该使用 currentColor","status":"passed","title":"没有 color 时应该使用 currentColor","duration":1.0695000000005166,"failureMessages":[],"meta":{}},{"ancestorTitles":["Md3Icon"],"fullName":"Md3Icon viewBox 应该为 \"0 0 24 24\"","status":"passed","title":"viewBox 应该为 \"0 0 24 24\"","duration":0.9368000000004031,"failureMessages":[],"meta":{}},{"ancestorTitles":["Md3Input"],"fullName":"Md3Input 应该渲染 input 元素","status":"passed","title":"应该渲染 input 元素","duration":1.7976999999991676,"failureMessages":[],"meta":{}},{"ancestorTitles":["Md3Input"],"fullName":"Md3Input 应该渲染 wrapper","status":"passed","title":"应该渲染 wrapper","duration":0.9926000000004933,"failureMessages":[],"meta":{}},{"ancestorTitles":["Md3Input"],"fullName":"Md3Input 默认 variant 为 outlined","status":"passed","title":"默认 variant 为 outlined","duration":0.7640000000001237,"failureMessages":[],"meta":{}},{"ancestorTitles":["Md3Input"],"fullName":"Md3Input filled variant 应该应用 filled 类","status":"passed","title":"filled variant 应该应用 filled 类","duration":0.9884000000001834,"failureMessages":[],"meta":{}},{"ancestorTitles":["Md3Input"],"fullName":"Md3Input disabled 应该应用 disabled 类","status":"passed","title":"disabled 应该应用 disabled 类","duration":0.8973999999998341,"failureMessages":[],"meta":{}},{"ancestorTitles":["Md3Input"],"fullName":"Md3Input readonly 应该应用 readonly 类","status":"passed","title":"readonly 应该应用 readonly 类","duration":0.8504999999995562,"failureMessages":[],"meta":{}},{"ancestorTitles":["Md3Input"],"fullName":"Md3Input error 应该应用 error 类","status":"passed","title":"error 应该应用 error 类","duration":0.8203000000003158,"failureMessages":[],"meta":{}},{"ancestorTitles":["Md3Input"],"fullName":"Md3Input error 文本应该渲染","status":"passed","title":"error 文本应该渲染","duration":0.7731999999996333,"failureMessages":[],"meta":{}},{"ancestorTitles":["Md3Input"],"fullName":"Md3Input label 应该渲染","status":"passed","title":"label 应该渲染","duration":0.7705999999998312,"failureMessages":[],"meta":{}},{"ancestorTitles":["Md3Input"],"fullName":"Md3Input input 事件应该触发 update:modelValue","status":"passed","title":"input 事件应该触发 update:modelValue","duration":1.050000000000182,"failureMessages":[],"meta":{}},{"ancestorTitles":["Md3Input"],"fullName":"Md3Input prefix slot 应该渲染","status":"passed","title":"prefix slot 应该渲染","duration":1.2281000000002678,"failureMessages":[],"meta":{}},{"ancestorTitles":["Md3Input"],"fullName":"Md3Input suffix slot 应该渲染","status":"passed","title":"suffix slot 应该渲染","duration":1.2381999999997788,"failureMessages":[],"meta":{}},{"ancestorTitles":["Md3Input"],"fullName":"Md3Input type 为 number 时应该转换值","status":"passed","title":"type 为 number 时应该转换值","duration":0.9413999999997031,"failureMessages":[],"meta":{}},{"ancestorTitles":["Md3Input"],"fullName":"Md3Input placeholder 应该设置到 input","status":"passed","title":"placeholder 应该设置到 input","duration":0.8404000000000451,"failureMessages":[],"meta":{}},{"ancestorTitles":["Md3Message"],"fullName":"Md3Message 应该有 success 方法","status":"passed","title":"应该有 success 方法","duration":0.08680000000003929,"failureMessages":[],"meta":{}},{"ancestorTitles":["Md3Message"],"fullName":"Md3Message 应该有 error 方法","status":"passed","title":"应该有 error 方法","duration":0.06610000000000582,"failureMessages":[],"meta":{}},{"ancestorTitles":["Md3Message"],"fullName":"Md3Message 应该有 warning 方法","status":"passed","title":"应该有 warning 方法","duration":0.061899999999695865,"failureMessages":[],"meta":{}},{"ancestorTitles":["Md3Message"],"fullName":"Md3Message 应该有 info 方法","status":"passed","title":"应该有 info 方法","duration":0.21649999999954161,"failureMessages":[],"meta":{}},{"ancestorTitles":["Md3Message"],"fullName":"Md3Message 应该有 remove 方法","status":"passed","title":"应该有 remove 方法","duration":0.09169999999994616,"failureMessages":[],"meta":{}},{"ancestorTitles":["Md3Message"],"fullName":"Md3Message 应该有 closeAll 方法","status":"passed","title":"应该有 closeAll 方法","duration":0.06869999999980791,"failureMessages":[],"meta":{}},{"ancestorTitles":["Md3Message"],"fullName":"Md3Message success 应该返回消息 ID","status":"passed","title":"success 应该返回消息 ID","duration":0.2169000000003507,"failureMessages":[],"meta":{}},{"ancestorTitles":["Md3Message"],"fullName":"Md3Message error 应该返回消息 ID","status":"passed","title":"error 应该返回消息 ID","duration":0.29939999999987776,"failureMessages":[],"meta":{}},{"ancestorTitles":["Md3Message"],"fullName":"Md3Message closeAll 应该可以正常调用","status":"passed","title":"closeAll 应该可以正常调用","duration":0.6727000000000771,"failureMessages":[],"meta":{}},{"ancestorTitles":["Md3Message"],"fullName":"Md3Message remove 应该可以正常调用","status":"passed","title":"remove 应该可以正常调用","duration":0.14720000000033906,"failureMessages":[],"meta":{}},{"ancestorTitles":["Md3PageHeader"],"fullName":"Md3PageHeader 应该渲染 page-header 容器","status":"passed","title":"应该渲染 page-header 容器","duration":1.1434999999992215,"failureMessages":[],"meta":{}},{"ancestorTitles":["Md3PageHeader"],"fullName":"Md3PageHeader title prop 应该渲染","status":"passed","title":"title prop 应该渲染","duration":1.0531000000000859,"failureMessages":[],"meta":{}},{"ancestorTitles":["Md3PageHeader"],"fullName":"Md3PageHeader subtitle prop 应该渲染","status":"passed","title":"subtitle prop 应该渲染","duration":0.7296999999998661,"failureMessages":[],"meta":{}},{"ancestorTitles":["Md3PageHeader"],"fullName":"Md3PageHeader title slot 应该渲染","status":"passed","title":"title slot 应该渲染","duration":0.8771000000006097,"failureMessages":[],"meta":{}},{"ancestorTitles":["Md3PageHeader"],"fullName":"Md3PageHeader subtitle slot 应该渲染","status":"passed","title":"subtitle slot 应该渲染","duration":0.8172000000004118,"failureMessages":[],"meta":{}},{"ancestorTitles":["Md3PageHeader"],"fullName":"Md3PageHeader actions slot 应该渲染","status":"passed","title":"actions slot 应该渲染","duration":3.579899999999725,"failureMessages":[],"meta":{}},{"ancestorTitles":["Md3PageHeader"],"fullName":"Md3PageHeader showBack 为 true 时应该渲染返回按钮","status":"passed","title":"showBack 为 true 时应该渲染返回按钮","duration":0.8782000000001062,"failureMessages":[],"meta":{}},{"ancestorTitles":["Md3PageHeader"],"fullName":"Md3PageHeader showBack 为 false 时不应渲染返回按钮","status":"passed","title":"showBack 为 false 时不应渲染返回按钮","duration":0.615099999999984,"failureMessages":[],"meta":{}},{"ancestorTitles":["Md3PageHeader"],"fullName":"Md3PageHeader 点击返回按钮应该触发 back 事件","status":"passed","title":"点击返回按钮应该触发 back 事件","duration":1.048899999999776,"failureMessages":[],"meta":{}},{"ancestorTitles":["Md3PageHeader"],"fullName":"Md3PageHeader 没有 subtitle 时不应该渲染 subtitle 元素","status":"passed","title":"没有 subtitle 时不应该渲染 subtitle 元素","duration":0.5979000000006636,"failureMessages":[],"meta":{}},{"ancestorTitles":["Md3Progress"],"fullName":"Md3Progress 应该渲染 progress 容器","status":"passed","title":"应该渲染 progress 容器","duration":1.1190999999998894,"failureMessages":[],"meta":{}},{"ancestorTitles":["Md3Progress"],"fullName":"Md3Progress 默认 type 为 line","status":"passed","title":"默认 type 为 line","duration":0.5765000000001237,"failureMessages":[],"meta":{}},{"ancestorTitles":["Md3Progress"],"fullName":"Md3Progress line 类型应该渲染 track 和 bar","status":"passed","title":"line 类型应该渲染 track 和 bar","duration":1.3713999999999942,"failureMessages":[],"meta":{}},{"ancestorTitles":["Md3Progress"],"fullName":"Md3Progress showPercentage 应该渲染百分比文本","status":"passed","title":"showPercentage 应该渲染百分比文本","duration":0.727100000000064,"failureMessages":[],"meta":{}},{"ancestorTitles":["Md3Progress"],"fullName":"Md3Progress percentage 应该限制在 0-100 之间","status":"passed","title":"percentage 应该限制在 0-100 之间","duration":1.236099999999169,"failureMessages":[],"meta":{}},{"ancestorTitles":["Md3Progress"],"fullName":"Md3Progress circle 类型应该渲染 SVG","status":"passed","title":"circle 类型应该渲染 SVG","duration":1.3500999999996566,"failureMessages":[],"meta":{}},{"ancestorTitles":["Md3Progress"],"fullName":"Md3Progress striped 应该应用 striped 类","status":"passed","title":"striped 应该应用 striped 类","duration":0.6350000000002183,"failureMessages":[],"meta":{}},{"ancestorTitles":["Md3Progress"],"fullName":"Md3Progress animated 应该应用 animated 类到 bar","status":"passed","title":"animated 应该应用 animated 类到 bar","duration":0.8701000000000931,"failureMessages":[],"meta":{}},{"ancestorTitles":["Md3Progress"],"fullName":"Md3Progress color prop 应该设置 bar 颜色","status":"passed","title":"color prop 应该设置 bar 颜色","duration":0.6427000000003318,"failureMessages":[],"meta":{}},{"ancestorTitles":["Md3Progress"],"fullName":"Md3Progress bar 应该有 role=\"progressbar\"","status":"passed","title":"bar 应该有 role=\"progressbar\"","duration":0.6372000000001208,"failureMessages":[],"meta":{}},{"ancestorTitles":["Md3Radio"],"fullName":"Md3Radio 应该渲染 radio 容器","status":"passed","title":"应该渲染 radio 容器","duration":1.3931999999995242,"failureMessages":[],"meta":{}},{"ancestorTitles":["Md3Radio"],"fullName":"Md3Radio 应该渲染隐藏的 input radio","status":"passed","title":"应该渲染隐藏的 input radio","duration":0.7663000000002285,"failureMessages":[],"meta":{}},{"ancestorTitles":["Md3Radio"],"fullName":"Md3Radio modelValue 等于 value 时应该应用 checked 类","status":"passed","title":"modelValue 等于 value 时应该应用 checked 类","duration":0.7133999999996377,"failureMessages":[],"meta":{}},{"ancestorTitles":["Md3Radio"],"fullName":"Md3Radio modelValue 不等于 value 时不应应用 checked 类","status":"passed","title":"modelValue 不等于 value 时不应应用 checked 类","duration":0.7470000000002983,"failureMessages":[],"meta":{}},{"ancestorTitles":["Md3Radio"],"fullName":"Md3Radio disabled 应该应用 disabled 类","status":"passed","title":"disabled 应该应用 disabled 类","duration":0.5254999999997381,"failureMessages":[],"meta":{}},{"ancestorTitles":["Md3Radio"],"fullName":"Md3Radio label 应该渲染","status":"passed","title":"label 应该渲染","duration":0.4852000000000771,"failureMessages":[],"meta":{}},{"ancestorTitles":["Md3Radio"],"fullName":"Md3Radio 没有 label 时不应该渲染 label 元素","status":"passed","title":"没有 label 时不应该渲染 label 元素","duration":0.5180999999993219,"failureMessages":[],"meta":{}},{"ancestorTitles":["Md3Radio"],"fullName":"Md3Radio change 事件应该触发 update:modelValue","status":"passed","title":"change 事件应该触发 update:modelValue","duration":0.623899999999594,"failureMessages":[],"meta":{}},{"ancestorTitles":["Md3Radio"],"fullName":"Md3Radio change 事件应该触发 change","status":"passed","title":"change 事件应该触发 change","duration":0.562300000000505,"failureMessages":[],"meta":{}},{"ancestorTitles":["Md3Select"],"fullName":"Md3Select 应该渲染 select wrapper","status":"passed","title":"应该渲染 select wrapper","duration":2.3296999999993204,"failureMessages":[],"meta":{}},{"ancestorTitles":["Md3Select"],"fullName":"Md3Select 应该渲染 trigger","status":"passed","title":"应该渲染 trigger","duration":1.77770000000055,"failureMessages":[],"meta":{}},{"ancestorTitles":["Md3Select"],"fullName":"Md3Select disabled 应该应用 disabled 类","status":"passed","title":"disabled 应该应用 disabled 类","duration":1.2075000000004366,"failureMessages":[],"meta":{}},{"ancestorTitles":["Md3Select"],"fullName":"Md3Select label 应该渲染","status":"passed","title":"label 应该渲染","duration":1.401199999999335,"failureMessages":[],"meta":{}},{"ancestorTitles":["Md3Select"],"fullName":"Md3Select placeholder 应该渲染","status":"passed","title":"placeholder 应该渲染","duration":4.349999999999454,"failureMessages":[],"meta":{}},{"ancestorTitles":["Md3Select"],"fullName":"Md3Select error 应该渲染错误信息","status":"passed","title":"error 应该渲染错误信息","duration":2.2171999999991385,"failureMessages":[],"meta":{}},{"ancestorTitles":["Md3Select"],"fullName":"Md3Select 默认 variant 为 outlined","status":"passed","title":"默认 variant 为 outlined","duration":1.76720000000023,"failureMessages":[],"meta":{}},{"ancestorTitles":["Md3Select"],"fullName":"Md3Select filled variant 应该应用 filled 类","status":"passed","title":"filled variant 应该应用 filled 类","duration":1.6399000000001251,"failureMessages":[],"meta":{}},{"ancestorTitles":["Md3Select"],"fullName":"Md3Select 有 modelValue 时应该显示选中项","status":"passed","title":"有 modelValue 时应该显示选中项","duration":5.305699999999888,"failureMessages":[],"meta":{}},{"ancestorTitles":["Md3Select"],"fullName":"Md3Select clearable 且有选中值时应该渲染清除按钮","status":"passed","title":"clearable 且有选中值时应该渲染清除按钮","duration":2.0151999999998225,"failureMessages":[],"meta":{}},{"ancestorTitles":["Md3Select"],"fullName":"Md3Select 点击清除按钮应该触发 update:modelValue","status":"passed","title":"点击清除按钮应该触发 update:modelValue","duration":1.9750999999996566,"failureMessages":[],"meta":{}},{"ancestorTitles":["Md3Select"],"fullName":"Md3Select 点击 trigger 应该打开下拉","status":"passed","title":"点击 trigger 应该打开下拉","duration":4.384099999999307,"failureMessages":[],"meta":{}},{"ancestorTitles":["Md3Switch"],"fullName":"Md3Switch 应该渲染 switch 按钮","status":"passed","title":"应该渲染 switch 按钮","duration":0.6549999999997453,"failureMessages":[],"meta":{}},{"ancestorTitles":["Md3Switch"],"fullName":"Md3Switch 应该有 role=\"switch\"","status":"passed","title":"应该有 role=\"switch\"","duration":0.4331999999994878,"failureMessages
[...]
Messages":[],"meta":{}},{"ancestorTitles":["Vite Deploy Store","stopDeploy"],"fullName":"Vite Deploy Store stopDeploy 应该清空状态","status":"passed","title":"应该清空状态","duration":0.2864999999999327,"failureMessages":[],"meta":{}},{"ancestorTitles":["Vite Deploy Store","stopDeploy"],"fullName":"Vite Deploy Store stopDeploy API 失败时不应该抛出异常","status":"passed","title":"API 失败时不应该抛出异常","duration":0.5213999999998578,"failureMessages":[],"meta":{}},{"ancestorTitles":["Vite Deploy Store","stopDeploy"],"fullName":"Vite Deploy Store stopDeploy 没有 currentTaskId 时应该只更新状态","status":"passed","title":"没有 currentTaskId 时应该只更新状态","duration":0.29710000000000036,"failureMessages":[],"meta":{}},{"ancestorTitles":["Vite Deploy Store","connectWebSocket"],"fullName":"Vite Deploy Store connectWebSocket 应该创建 WebSocket 连接","status":"passed","title":"应该创建 WebSocket 连接","duration":0.5435999999999694,"failureMessages":[],"meta":{}},{"ancestorTitles":["Vite Deploy Store","connectWebSocket"],"fullName":"Vite Deploy Store connectWebSocket 收到 task_info 时应该更新状态","status":"passed","title":"收到 task_info 时应该更新状态","duration":0.5812999999998283,"failureMessages":[],"meta":{}},{"ancestorTitles":["Vite Deploy Store","connectWebSocket"],"fullName":"Vite Deploy Store connectWebSocket 收到 log_update 且 status 为 completed 时应该更新状态并断开连接","status":"passed","title":"收到 log_update 且 status 为 completed 时应该更新状态并断开连接","duration":0.413300000000163,"failureMessages":[],"meta":{}},{"ancestorTitles":["Vite Deploy Store","connectWebSocket"],"fullName":"Vite Deploy Store connectWebSocket 收到 log_update 且 status 为 failed 时应该设置失败状态","status":"passed","title":"收到 log_update 且 status 为 failed 时应该设置失败状态","duration":0.38649999999984175,"failureMessages":[],"meta":{}},{"ancestorTitles":["Vite Deploy Store","connectWebSocket"],"fullName":"Vite Deploy Store connectWebSocket 收到 log_update 且 status 为 stopped 时应该设置停止状态","status":"passed","title":"收到 log_update 且 status 为 stopped 时应该设置停止状态","duration":0.3953999999998814,"failureMessages":[],"meta":{}},{"ancestorTitles":["Vite Deploy Store","connectWebSocket"],"fullName":"Vite Deploy Store connectWebSocket 收到 pong 消息时应该忽略","status":"passed","title":"收到 pong 消息时应该忽略","duration":0.3887999999999465,"failureMessages":[],"meta":{}},{"ancestorTitles":["Vite Deploy Store","connectWebSocket"],"fullName":"Vite Deploy Store connectWebSocket 收到 error 消息时不应该更新状态","status":"passed","title":"收到 error 消息时不应该更新状态","duration":0.38850000000002183,"failureMessages":[],"meta":{}},{"ancestorTitles":["Vite Deploy Store","connectWebSocket"],"fullName":"Vite Deploy Store connectWebSocket 已有连接时应该先断开","status":"passed","title":"已有连接时应该先断开","duration":1.290499999999838,"failureMessages":[],"meta":{}},{"ancestorTitles":["Vite Deploy Store","fetchStatus"],"fullName":"Vite Deploy Store fetchStatus 应该获取任务状态","status":"passed","title":"应该获取任务状态","duration":1.0808000000001812,"failureMessages":[],"meta":{}},{"ancestorTitles":["Vite Deploy Store","fetchStatus"],"fullName":"Vite Deploy Store fetchStatus 没有 taskId 时应该返回 null","status":"passed","title":"没有 taskId 时应该返回 null","duration":0.7290000000000418,"failureMessages":[],"meta":{}},{"ancestorTitles":["Vite Deploy Store","fetchStatus"],"fullName":"Vite Deploy Store fetchStatus 请求失败时应该返回 null","status":"passed","title":"请求失败时应该返回 null","duration":5.809300000000121,"failureMessages":[],"meta":{}},{"ancestorTitles":["Vite Deploy Store","waitForCompletion"],"fullName":"Vite Deploy Store waitForCompletion deployStatus 为 completed 时应该返回 completed","status":"passed","title":"deployStatus 为 completed 时应该返回 completed","duration":0.467200000000048,"failureMessages":[],"meta":{}},{"ancestorTitles":["Vite Deploy Store","waitForCompletion"],"fullName":"Vite Deploy Store waitForCompletion deployStatus 为 failed 时应该返回 failed","status":"passed","title":"deployStatus 为 failed 时应该返回 failed","duration":0.22260000000005675,"failureMessages":[],"meta":{}},{"ancestorTitles":["Vite Deploy Store","waitForCompletion"],"fullName":"Vite Deploy Store waitForCompletion deployStatus 为 stopped 时应该返回 stopped","status":"passed","title":"deployStatus 为 stopped 时应该返回 stopped","duration":0.17599999999993088,"failureMessages":[],"meta":{}},{"ancestorTitles":["Vite Deploy Store","reset"],"fullName":"Vite Deploy Store reset 应该重置所有状态","status":"passed","title":"应该重置所有状态","duration":0.3087000000000444,"failureMessages":[],"meta":{}}],"startTime":1780200969093,"endTime":1780200969124.3086,"status":"passed","message":"","name":"E:/Temps/Desktop/code/OpsV-Kits/frontend/tests/stores/viteDeployStore.test.ts"},{"assertionResults":[{"ancestorTitles":["WebSSH Store","状态初始化"],"fullName":"WebSSH Store 状态初始化 应该正确初始化 sessions 为空数组","status":"passed","title":"应该正确初始化 sessions 为空数组","duration":3.153400000000147,"failureMessages":[],"meta":{}},{"ancestorTitles":["WebSSH Store","状态初始化"],"fullName":"WebSSH Store 状态初始化 应该正确初始化 historyRecords 为空数组","status":"passed","title":"应该正确初始化 historyRecords 为空数组","duration":0.6430000000000291,"failureMessages":[],"meta":{}},{"ancestorTitles":["WebSSH Store","状态初始化"],"fullName":"WebSSH Store 状态初始化 应该正确初始化 activeSessionId 为空字符串","status":"passed","title":"应该正确初始化 activeSessionId 为空字符串","duration":0.524599999999964,"failureMessages":[],"meta":{}},{"ancestorTitles":["WebSSH Store","状态初始化"],"fullName":"WebSSH Store 状态初始化 应该正确初始化 loading 为 false","status":"passed","title":"应该正确初始化 loading 为 false","duration":0.37979999999993197,"failureMessages":[],"meta":{}},{"ancestorTitles":["WebSSH Store","listSessions"],"fullName":"WebSSH Store listSessions 应该获取会话列表","status":"passed","title":"应该获取会话列表","duration":1.1641000000001895,"failureMessages":[],"meta":{}},{"ancestorTitles":["WebSSH Store","listSessions"],"fullName":"WebSSH Store listSessions 应该正确映射 status 字段","status":"passed","title":"应该正确映射 status 字段","duration":0.480199999999968,"failureMessages":[],"meta":{}},{"ancestorTitles":["WebSSH Store","listSessions"],"fullName":"WebSSH Store listSessions 应该支持 id 字段映射","status":"passed","title":"应该支持 id 字段映射","duration":0.5347000000001572,"failureMessages":[],"meta":{}},{"ancestorTitles":["WebSSH Store","listSessions"],"fullName":"WebSSH Store listSessions API 返回数组格式时应该正确处理","status":"passed","title":"API 返回数组格式时应该正确处理","duration":0.3811000000000604,"failureMessages":[],"meta":{}},{"ancestorTitles":["WebSSH Store","listSessions"],"fullName":"WebSSH Store listSessions 请求期间 loading 应该为 true","status":"passed","title":"请求期间 loading 应该为 true","duration":0.3058000000000902,"failureMessages":[],"meta":{}},{"ancestorTitles":["WebSSH Store","listSessions"],"fullName":"WebSSH Store listSessions 请求失败时 loading 应该恢复为 false","status":"passed","title":"请求失败时 loading 应该恢复为 false","duration":1.132799999999861,"failureMessages":[],"meta":{}},{"ancestorTitles":["WebSSH Store","fetchHistory"],"fullName":"WebSSH Store fetchHistory 应该获取历史记录","status":"passed","title":"应该获取历史记录","duration":0.6062999999999192,"failureMessages":[],"meta":{}},{"ancestorTitles":["WebSSH Store","fetchHistory"],"fullName":"WebSSH Store fetchHistory 请求失败时应该静默处理","status":"passed","title":"请求失败时应该静默处理","duration":0.28880000000003747,"failureMessages":[],"meta":{}},{"ancestorTitles":["WebSSH Store","connect"],"fullName":"WebSSH Store connect 应该创建新会话","status":"passed","title":"应该创建新会话","duration":0.6454000000001088,"failureMessages":[],"meta":{}},{"ancestorTitles":["WebSSH Store","connect"],"fullName":"WebSSH Store connect 应该支持 id 字段映射","status":"passed","title":"应该支持 id 字段映射","duration":0.3442999999999756,"failureMessages":[],"meta":{}},{"ancestorTitles":["WebSSH Store","connect"],"fullName":"WebSSH Store connect 应该支持无 session 包装的响应","status":"passed","title":"应该支持无 session 包装的响应","duration":0.3106000000000222,"failureMessages":[],"meta":{}},{"ancestorTitles":["WebSSH Store","disconnect"],"fullName":"WebSSH Store disconnect 应该断开会话并从列表中移除","status":"passed","title":"应该断开会话并从列表中移除","duration":0.5596000000000458,"failureMessages":[],"meta":{}},{"ancestorTitles":["WebSSH Store","disconnect"],"fullName":"WebSSH Store disconnect 断开当前活动会话时应该切换到第一个剩余会话","status":"passed","title":"断开当前活动会话时应该切换到第一个剩余会话","duration":0.26909999999998035,"failureMessages":[],"meta":{}},{"ancestorTitles":["WebSSH Store","disconnect"],"fullName":"WebSSH Store disconnect 断开最后一个会话时应该清空 activeSessionId","status":"passed","title":"断开最后一个会话时应该清空 activeSessionId","duration":0.4131999999999607,"failureMessages":[],"meta":{}},{"ancestorTitles":["WebSSH Store","disconnect"],"fullName":"WebSSH Store disconnect 断开后应该刷新历史记录","status":"passed","title":"断开后应该刷新历史记录","duration":0.6883000000000266,"failureMessages":[],"meta":{}},{"ancestorTitles":["WebSSH Store","disconnect"],"fullName":"WebSSH Store disconnect 不传参数时应该断开当前活动会话","status":"passed","title":"不传参数时应该断开当前活动会话","duration":0.5856999999998607,"failureMessages":[],"meta":{}},{"ancestorTitles":["WebSSH Store","setActiveSession"],"fullName":"WebSSH Store setActiveSession 应该设置活动会话 ID","status":"passed","title":"应该设置活动会话 ID","duration":0.35770000000002256,"failureMessages":[],"meta":{}},{"ancestorTitles":["WebSSH Store","resizeTerminal"],"fullName":"WebSSH Store resizeTerminal 应该调整终端大小","status":"passed","title":"应该调整终端大小","duration":0.43010000000003856,"failureMessages":[],"meta":{}},{"ancestorTitles":["WebSSH Store","sendCommand"],"fullName":"WebSSH Store sendCommand 应该发送命令","status":"passed","title":"应该发送命令","duration":0.43460000000004584,"failureMessages":[],"meta":{}},{"ancestorTitles":["WebSSH Store","getHistory"],"fullName":"WebSSH Store getHistory 应该获取会话命令历史","status":"passed","title":"应该获取会话命令历史","duration":0.338799999999992,"failureMessages":[],"meta":{}}],"startTime":1780200971204,"endTime":1780200971219.4346,"status":"passed","message":"","name":"E:/Temps/Desktop/code/OpsV-Kits/frontend/tests/stores/websshStore.test.ts"},{"assertionResults":[{"ancestorTitles":["Workflow Store","状态初始化"],"fullName":"Workflow Store 状态初始化 应该正确初始化 workflows 为空数组","status":"passed","title":"应该正确初始化 workflows 为空数组","duration":2.954099999999926,"failureMessages":[],"meta":{}},{"ancestorTitles":["Workflow Store","状态初始化"],"fullName":"Workflow Store 状态初始化 应该正确初始化 currentWorkflow 为 null","status":"passed","title":"应该正确初始化 currentWorkflow 为 null","duration":0.47929999999996653,"failureMessages":[],"meta":{}},{"ancestorTitles":["Workflow Store","状态初始化"],"fullName":"Workflow Store 状态初始化 应该正确初始化 versions 为空数组","status":"passed","title":"应该正确初始化 versions 为空数组","duration":0.45839999999998327,"failureMessages":[],"meta":{}},{"ancestorTitles":["Workflow Store","状态初始化"],"fullName":"Workflow Store 状态初始化 应该正确初始化 executions 为空数组","status":"passed","title":"应该正确初始化 executions 为空数组","duration":0.29510000000027503,"failureMessages":[],"meta":{}},{"ancestorTitles":["Workflow Store","状态初始化"],"fullName":"Workflow Store 状态初始化 应该正确初始化 currentExecution 为 null","status":"passed","title":"应该正确初始化 currentExecution 为 null","duration":0.2930999999998676,"failureMessages":[],"meta":{}},{"ancestorTitles":["Workflow Store","状态初始化"],"fullName":"Workflow Store 状态初始化 应该正确初始化 nodeExecutions 为空数组","status":"passed","title":"应该正确初始化 nodeExecutions 为空数组","duration":0.2681000000002314,"failureMessages":[],"meta":{}},{"ancestorTitles":["Workflow Store","状态初始化"],"fullName":"Workflow Store 状态初始化 应该正确初始化 templates 为空数组","status":"passed","title":"应该正确初始化 templates 为空数组","duration":0.24549999999999272,"failureMessages":[],"meta":{}},{"ancestorTitles":["Workflow Store","状态初始化"],"fullName":"Workflow Store 状态初始化 应该正确初始化 loading 为 false","status":"passed","title":"应该正确初始化 loading 为 false","duration":0.33599999999978536,"failureMessages":[],"meta":{}},{"ancestorTitles":["Workflow Store","计算属性"],"fullName":"Workflow Store 计算属性 activeWorkflowCount 应该返回 active 状态的工作流数量","status":"passed","title":"activeWorkflowCount 应该返回 active 状态的工作流数量","duration":0.6644000000001142,"failureMessages":[],"meta":{}},{"ancestorTitles":["Workflow Store","计算属性"],"fullName":"Workflow Store 计算属性 activeWorkflowCount 在没有 active 工作流时应该返回 0","status":"passed","title":"activeWorkflowCount 在没有 active 工作流时应该返回 0","duration":0.3144000000002052,"failureMessages":[],"meta":{}},{"ancestorTitles":["Workflow Store","计算属性"],"fullName":"Workflow Store 计算属性 runningExecutionCount 应该返回 running 状态的执行数量","status":"passed","title":"runningExecutionCount 应该返回 running 状态的执行数量","duration":0.3670999999999367,"failureMessages":[],"meta":{}},{"ancestorTitles":["Workflow Store","计算属性"],"fullName":"Workflow Store 计算属性 runningExecutionCount 在没有 running 执行时应该返回 0","status":"passed","title":"runningExecutionCount 在没有 running 执行时应该返回 0","duration":0.21829999999999927,"failureMessages":[],"meta":{}},{"ancestorTitles":["Workflow Store","fetchWorkflows"],"fullName":"Workflow Store fetchWorkflows 应该获取工作流列表","status":"passed","title":"应该获取工作流列表","duration":0.6259000000000015,"failureMessages":[],"meta":{}},{"ancestorTitles":["Workflow Store","fetchWorkflows"],"fullName":"Workflow Store fetchWorkflows API 返回无 items 时应该设为空数组","status":"passed","title":"API 返回无 items 时应该设为空数组","duration":0.2818999999999505,"failureMessages":[],"meta":{}},{"ancestorTitles":["Workflow Store","fetchWorkflows"],"fullName":"Workflow Store fetchWorkflows 请求期间 loading 应该为 true","status":"passed","title":"请求期间 loading 应该为 true","duration":0.3272999999999229,"failureMessages":[],"meta":{}},{"ancestorTitles":["Workflow Store","fetchWorkflows"],"fullName":"Workflow Store fetchWorkflows 请求失败时 loading 应该恢复为 false","status":"passed","title":"请求失败时 loading 应该恢复为 false","duration":0.9659999999998945,"failureMessages":[],"meta":{}},{"ancestorTitles":["Workflow Store","fetchWorkflow"],"fullName":"Workflow Store fetchWorkflow 应该获取单个工作流详情","status":"passed","title":"应该获取单个工作流详情","duration":0.41229999999995925,"failureMessages":[],"meta":{}},{"ancestorTitles":["Workflow Store","fetchWorkflow"],"fullName":"Workflow Store fetchWorkflow 请求期间 loading 应该为 true","status":"passed","title":"请求期间 loading 应该为 true","duration":0.2741000000000895,"failureMessages":[],"meta":{}},{"ancestorTitles":["Workflow Store","createWorkflow"],"fullName":"Workflow Store createWorkflow 应该创建工作流并添加到列表","status":"passed","title":"应该创建工作流并添加到列表","duration":0.443000000000211,"failureMessages":[],"meta":{}},{"ancestorTitles":["Workflow Store","updateWorkflow"],"fullName":"Workflow Store updateWorkflow 应该更新工作流并同步列表和 currentWorkflow","status":"passed","title":"应该更新工作流并同步列表和 currentWorkflow","duration":0.42239999999992506,"failureMessages":[],"meta":{}},{"ancestorTitles":["Workflow Store","updateWorkflow"],"fullName":"Workflow Store updateWorkflow 更新非当前工作流时不应修改 currentWorkflow","status":"passed","title":"更新非当前工作流时不应修改 currentWorkflow","duration":0.2539000000001579,"failureMessages":[],"meta":{}},{"ancestorTitles":["Workflow Store","deleteWorkflow"],"fullName":"Workflow Store deleteWorkflow 应该从列表中删除工作流","status":"passed","title":"应该从列表中删除工作流","duration":0.6948000000002139,"failureMessages":[],"meta":{}},{"ancestorTitles":["Workflow Store","deleteWorkflow"],"fullName":"Workflow Store deleteWorkflow 删除当前工作流时应该清空 currentWorkflow","status":"passed","title":"删除当前工作流时应该清空 currentWorkflow","duration":0.31550000000015643,"failureMessages":[],"meta":{}},{"ancestorTitles":["Workflow Store","deleteWorkflow"],"fullName":"Workflow Store deleteWorkflow 删除非当前工作流时不应修改 currentWorkflow","status":"passed","title":"删除非当前工作流时不应修改 currentWorkflow","duration":0.25060000000030414,"failureMessages":[],"meta":{}},{"ancestorTitles":["Workflow Store","validateDag"],"fullName":"Workflow Store validateDag 应该验证 DAG 结构","status":"passed","title":"应该验证 DAG 结构","duration":0.7890000000002146,"failureMessages":[],"meta":{}},{"ancestorTitles":["Workflow Store","saveVersion"],"fullName":"Workflow Store saveVersion 应该保存版本","status":"passed","title":"应该保存版本","duration":0.3301000000001295,"failureMessages":[],"meta":{}},{"ancestorTitles":["Workflow Store","fetchVersions"],"fullName":"Workflow Store fetchVersions 应该获取版本列表","status":"passed","title":"应该获取版本列表","duration":0.3421000000003005,"failureMessages":[],"meta":{}},{"ancestorTitles":["Workflow Store","fetchVersions"],"fullName":"Workflow Store fetchVersions API 返回无 items 时应该设为空数组","status":"passed","title":"API 返回无 items 时应该设为空数组","duration":0.2784999999998945,"failureMessages":[],"meta":{}},{"ancestorTitles":["Workflow Store","rollback"],"fullName":"Workflow Store rollback 应该回滚到指定版本并更新 currentWorkflow","status":"passed","title":"应该回滚到指定版本并更新 currentWorkflow","duration":0.38830000000007203,"failureMessages":[],"meta":{}},{"ancestorTitles":["Workflow Store","rollback"],"fullName":"Workflow Store rollback 回滚非当前工作流时不应修改 currentWorkflow","status":"passed","title":"回滚非当前工作流时不应修改 currentWorkflow","duration":0.3028999999996813,"failureMessages":[],"meta":{}},{"ancestorTitles":["Workflow Store","exportWorkflow"],"fullName":"Workflow Store exportWorkflow 应该导出工作流","status":"passed","title":"应该导出工作流","duration":0.529700000000048,"failureMessages":[],"meta":{}},{"ancestorTitles":["Workflow Store","importWorkflow"],"fullName":"Workflow Store importWorkflow 应该导入工作流并添加到列表","status":"passed","title":"应该导入工作流并添加到列表","duration":0.3757999999997992,"failureMessages":[],"meta":{}},{"ancestorTitles":["Workflow Store","fetchTemplates"],"fullName":"Workflow Store fetchTemplates 应该获取模板列表","status":"passed","title":"应该获取模板列表","duration":0.36320000000023356,"failureMessages":[],"meta":{}},{"ancestorTitles":["Workflow Store","fetchTemplates"],"fullName":"Workflow Store fetchTemplates API 返回无 items 时应该设为空数组","status":"passed","title":"API 返回无 items 时应该设为空数组","duration":0.23680000000013024,"failureMessages":[],"meta":{}},{"ancestorTitles":["Workflow Store","createFromTemplate"],"fullName":"Workflow Store createFromTemplate 应该从模板创建工作流并添加到列表","status":"passed","title":"应该从模板创建工作流并添加到列表","duration":0.5093999999999141,"failureMessages":[],"meta":{}},{"ancestorTitles":["Workflow Store","executeWorkflow"],"fullName":"Workflow Store executeWorkflow 应该执行工作流","status":"passed","title":"应该执行工作流","duration":0.4693999999999505,"failureMessages":[],"meta":{}},{"ancestorTitles":["Workflow Store","executeWorkflow"],"fullName":"Workflow Store executeWorkflow 应该支持自定义触发类型和来源","status":"passed","title":"应该支持自定义触发类型和来源","duration":0.38120000000026266,"failureMessages":[],"meta":{}},{"ancestorTitles":["Workflow Store","pauseExecution"],"fullName":"Workflow Store pauseExecution 应该暂停执行","status":"passed","title":"应该暂停执行","duration":0.5473999999999251,"failureMessages":[],"meta":{}},{"ancestorTitles":["Workflow Store","resumeExecution"],"fullName":"Workflow Store resumeExecution 应该恢复执行","status":"passed","title":"应该恢复执行","duration":0.5741000000002714,"failureMessages":[],"meta":{}},{"ancestorTitles":["Workflow Store","cancelExecution"],"fullName":"Workflow Store cancelExecution 应该取消执行","status":"passed","title":"应该取消执行","duration":0.5145000000002256,"failureMessages":[],"meta":{}},{"ancestorTitles":["Workflow Store","fetchExecutions"],"fullName":"Workflow Store fetchExecutions 应该获取执行列表","status":"passed","title":"应该获取执行列表","duration":0.5552000000002408,"failureMessages":[],"meta":{}},{"ancestorTitles":["Workflow Store","fetchExecutions"],"fullName":"Workflow Store fetchExecutions API 返回无 items 时应该设为空数组","status":"passed","title":"API 返回无 items 时应该设为空数组","duration":0.6111999999998261,"failureMessages":[],"meta":{}},{"ancestorTitles":["Workflow Store","fetchExecution"],"fullName":"Workflow Store fetchExecution 应该获取单个执行详情","status":"passed","title":"应该获取单个执行详情","duration":0.5378000000000611,"failureMessages":[],"meta":{}},{"ancestorTitles":["Workflow Store","fetchNodeExecutions"],"fullName":"Workflow Store fetchNodeExecutions 应该获取节点执行列表","status":"passed","title":"应该获取节点执行列表","duration":0.3817000000003645,"failureMessages":[],"meta":{}},{"ancestorTitles":["Workflow Store","fetchNodeExecutions"],"fullName":"Workflow Store fetchNodeExecutions API 返回无 items 时应该设为空数组","status":"passed","title":"API 返回无 items 时应该设为空数组","duration":0.2887999999998101,"failureMessages":[],"meta":{}}],"startTime":1780200969094,"endTime":1780200969117.2888,"status":"passed","message":"","name":"E:/Temps/Desktop/code/OpsV-Kits/frontend/tests/stores/workflowStore.test.ts"}]}